-- Found ament_cmake: 1.3.12 (/opt/ros/humble/share/ament_cmake/cmake)
-- Found Python3: /usr/bin/python3 (found version "3.10.12") found components: Interpreter 
-- Override CMake install command with custom implementation using symlinks instead of copying resources
-- Found rclcpp: 16.0.17 (/opt/ros/humble/share/rclcpp/cmake)
-- Found rosidl_generator_c: 3.1.8 (/opt/ros/humble/share/rosidl_generator_c/cmake)
-- Found rosidl_adapter: 3.1.8 (/opt/ros/humble/share/rosidl_adapter/cmake)
-- Found rosidl_generator_cpp: 3.1.8 (/opt/ros/humble/share/rosidl_generator_cpp/cmake)
-- Using all available rosidl_typesupport_c: rosidl_typesupport_fastrtps_c;rosidl_typesupport_introspection_c
-- Using all available rosidl_typesupport_cpp: rosidl_typesupport_fastrtps_cpp;rosidl_typesupport_introspection_cpp
-- Found rmw_implementation_cmake: 6.1.2 (/opt/ros/humble/share/rmw_implementation_cmake/cmake)
-- Found rmw_fastrtps_cpp: 6.2.9 (/opt/ros/humble/share/rmw_fastrtps_cpp/cmake)
-- Found OpenSSL: /usr/lib/x86_64-linux-gnu/libcrypto.so (found version "3.0.2")  
-- Found FastRTPS: /opt/ros/humble/include  
-- Using RMW implementation 'rmw_fastrtps_cpp' as default
-- Looking for pthread.h
-- Looking for pthread.h - found
-- Performing Test CMAKE_HAVE_LIBC_PTHREAD
-- Performing Test CMAKE_HAVE_LIBC_PTHREAD - Success
-- Found Threads: TRUE  
-- Found rclcpp_action: 16.0.17 (/opt/ros/humble/share/rclcpp_action/cmake)
-- Found plansys2_msgs: 2.0.9 (/opt/ros/humble/share/plansys2_msgs/cmake)
-- Found plansys2_executor: 2.0.9 (/opt/ros/humble/share/plansys2_executor/cmake)
-- Found ament_lint_auto: 0.12.14 (/opt/ros/humble/share/ament_lint_auto/cmake)
-- Added test 'copyright' to check source files copyright and LICENSE
-- Added test 'cppcheck' to perform static code analysis on C / C++ code
-- Configured cppcheck include dirs: 
-- Configured cppcheck exclude dirs and/or files: 
-- Added test 'cpplint' to check C / C++ code against the Google style
-- Configured cpplint exclude dirs and/or files: 
-- Added test 'flake8' to check Python code syntax and style conventions
-- Added test 'lint_cmake' to check CMake code style
-- Added test 'pep257' to check Python code against some of the docstring style conventions in PEP 257
-- Added test 'uncrustify' to check C / C++ code style
-- Configured uncrustify additional arguments: 
-- Added test 'xmllint' to check XML markup files
-- Configuring done
-- Generating done
-- Build files have been written to: /root/plansys2_ws/src/build/plansys2_simple_example
[ 16%] [32mBuilding CXX object CMakeFiles/charge_action_node.dir/src/charge_action_node.cpp.o[0m
[ 33%] [32mBuilding CXX object CMakeFiles/move_action_node.dir/src/move_action_node.cpp.o[0m
[ 50%] [32m[1mLinking CXX executable move_action_node[0m
[ 66%] [32m[1mLinking CXX executable charge_action_node[0m
[ 66%] Built target charge_action_node
[ 66%] Built target move_action_node
[ 83%] [32mBuilding CXX object CMakeFiles/ask_charge_action_node.dir/src/ask_charge_action_node.cpp.o[0m
[100%] [32m[1mLinking CXX executable ask_charge_action_node[0m
[100%] Built target ask_charge_action_node
-- Install configuration: ""
-- Execute custom install script
[33mCMake Warning (dev) at ament_cmake_symlink_install/ament_cmake_symlink_install.cmake:62 (file):
  Policy CMP0009 is not set: FILE GLOB_RECURSE calls should not follow
  symlinks by default.  Run "cmake --help-policy CMP0009" for policy details.
  Use the cmake_policy command to set the policy and suppress this warning.
Call Stack (most recent call first):
  ament_cmake_symlink_install/ament_cmake_symlink_install.cmake:314 (ament_cmake_symlink_install_directory)
  cmake_install.cmake:46 (include)
This warning is for project developers.  Use -Wno-dev to suppress it.
[0m
-- Symlinking: /root/plansys2_ws/src/install/plansys2_simple_example/share/plansys2_simple_example/launch/build/.built_by
-- Symlinking: /root/plansys2_ws/src/install/plansys2_simple_example/share/plansys2_simple_example/launch/build/COLCON_IGNORE
-- Symlinking: /root/plansys2_ws/src/install/plansys2_simple_example/share/plansys2_simple_example/launch/install/.colcon_install_layout
-- Symlinking: /root/plansys2_ws/src/install/plansys2_simple_example/share/plansys2_simple_example/launch/install/COLCON_IGNORE
-- Symlinking: /root/plansys2_ws/src/install/plansys2_simple_example/share/plansys2_simple_example/launch/install/_local_setup_util_ps1.py
-- Symlinking: /root/plansys2_ws/src/install/plansys2_simple_example/share/plansys2_simple_example/launch/install/_local_setup_util_sh.py
-- Symlinking: /root/plansys2_ws/src/install/plansys2_simple_example/share/plansys2_simple_example/launch/install/local_setup.bash
-- Symlinking: /root/plansys2_ws/src/install/plansys2_simple_example/share/plansys2_simple_example/launch/install/local_setup.ps1
-- Symlinking: /root/plansys2_ws/src/install/plansys2_simple_example/share/plansys2_simple_example/launch/install/local_setup.sh
-- Symlinking: /root/plansys2_ws/src/install/plansys2_simple_example/share/plansys2_simple_example/launch/install/local_setup.zsh
-- Symlinking: /root/plansys2_ws/src/install/plansys2_simple_example/share/plansys2_simple_example/launch/install/setup.bash
-- Symlinking: /root/plansys2_ws/src/install/plansys2_simple_example/share/plansys2_simple_example/launch/install/setup.ps1
-- Symlinking: /root/plansys2_ws/src/install/plansys2_simple_example/share/plansys2_simple_example/launch/install/setup.sh
-- Symlinking: /root/plansys2_ws/src/install/plansys2_simple_example/share/plansys2_simple_example/launch/install/setup.zsh
-- Symlinking: /root/plansys2_ws/src/install/plansys2_simple_example/share/plansys2_simple_example/launch/log/COLCON_IGNORE
-- Symlinking: /root/plansys2_ws/src/install/plansys2_simple_example/share/plansys2_simple_example/launch/log/build_2026-02-17_14-07-25/events.log
-- Symlinking: /root/plansys2_ws/src/install/plansys2_simple_example/share/plansys2_simple_example/launch/log/build_2026-02-17_14-07-25/logger_all.log
-- Symlinking: /root/plansys2_ws/src/install/plansys2_simple_example/share/plansys2_simple_example/launch/log/build_2026-02-17_17-33-54/events.log
-- Symlinking: /root/plansys2_ws/src/install/plansys2_simple_example/share/plansys2_simple_example/launch/log/build_2026-02-17_17-33-54/logger_all.log
-- Symlinking: /root/plansys2_ws/src/install/plansys2_simple_example/share/plansys2_simple_example/launch/log/latest/events.log
-- Symlinking: /root/plansys2_ws/src/install/plansys2_simple_example/share/plansys2_simple_example/launch/log/latest/logger_all.log
-- Symlinking: /root/plansys2_ws/src/install/plansys2_simple_example/share/plansys2_simple_example/launch/log/latest_build/events.log
-- Symlinking: /root/plansys2_ws/src/install/plansys2_simple_example/share/plansys2_simple_example/launch/log/latest_build/logger_all.log
-- Symlinking: /root/plansys2_ws/src/install/plansys2_simple_example/share/plansys2_simple_example/launch/plansys2_simple_example_launch.py
-- Symlinking: /root/plansys2_ws/src/install/plansys2_simple_example/share/plansys2_simple_example/pddl/simple_example.pddl
-- Symlinking: /root/plansys2_ws/src/install/plansys2_simple_example/lib/plansys2_simple_example/move_action_node
-- Symlinking: /root/plansys2_ws/src/install/plansys2_simple_example/lib/plansys2_simple_example/charge_action_node
-- Symlinking: /root/plansys2_ws/src/install/plansys2_simple_example/lib/plansys2_simple_example/ask_charge_action_node
-- Symlinking: /root/plansys2_ws/src/install/plansys2_simple_example/share/ament_index/resource_index/package_run_dependencies/plansys2_simple_example
-- Symlinking: /root/plansys2_ws/src/install/plansys2_simple_example/share/ament_index/resource_index/parent_prefix_path/plansys2_simple_example
-- Symlinking: /root/plansys2_ws/src/install/plansys2_simple_example/share/plansys2_simple_example/environment/ament_prefix_path.sh
-- Symlinking: /root/plansys2_ws/src/install/plansys2_simple_example/share/plansys2_simple_example/environment/ament_prefix_path.dsv
-- Symlinking: /root/plansys2_ws/src/install/plansys2_simple_example/share/plansys2_simple_example/environment/path.sh
-- Symlinking: /root/plansys2_ws/src/install/plansys2_simple_example/share/plansys2_simple_example/environment/path.dsv
-- Symlinking: /root/plansys2_ws/src/install/plansys2_simple_example/share/plansys2_simple_example/local_setup.bash
-- Symlinking: /root/plansys2_ws/src/install/plansys2_simple_example/share/plansys2_simple_example/local_setup.sh
-- Symlinking: /root/plansys2_ws/src/install/plansys2_simple_example/share/plansys2_simple_example/local_setup.zsh
-- Symlinking: /root/plansys2_ws/src/install/plansys2_simple_example/share/plansys2_simple_example/local_setup.dsv
-- Symlinking: /root/plansys2_ws/src/install/plansys2_simple_example/share/plansys2_simple_example/package.dsv
-- Symlinking: /root/plansys2_ws/src/install/plansys2_simple_example/share/ament_index/resource_index/packages/plansys2_simple_example
-- Symlinking: /root/plansys2_ws/src/install/plansys2_simple_example/share/plansys2_simple_example/cmake/ament_cmake_export_dependencies-extras.cmake
-- Symlinking: /root/plansys2_ws/src/install/plansys2_simple_example/share/plansys2_simple_example/cmake/plansys2_simple_exampleConfig.cmake
-- Symlinking: /root/plansys2_ws/src/install/plansys2_simple_example/share/plansys2_simple_example/cmake/plansys2_simple_exampleConfig-version.cmake
-- Symlinking: /root/plansys2_ws/src/install/plansys2_simple_example/share/plansys2_simple_example/package.xml
