-- Found ament_cmake: 1.3.12 (/opt/ros/humble/share/ament_cmake/cmake)
-- Found Python3: /usr/bin/python3 (found version "3.10.12") found components: Interpreter 
-- Override CMake install command with custom implementation using symlinks instead of copying resources
-- Found rclcpp: 16.0.17 (/opt/ros/humble/share/rclcpp/cmake)
-- Found rosidl_generator_c: 3.1.8 (/opt/ros/humble/share/rosidl_generator_c/cmake)
-- Found rosidl_adapter: 3.1.8 (/opt/ros/humble/share/rosidl_adapter/cmake)
-- Found rosidl_generator_cpp: 3.1.8 (/opt/ros/humble/share/rosidl_generator_cpp/cmake)
-- Using all available rosidl_typesupport_c: rosidl_typesupport_fastrtps_c;rosidl_typesupport_introspection_c
-- Using all available rosidl_typesupport_cpp: rosidl_typesupport_fastrtps_cpp;rosidl_typesupport_introspection_cpp
-- Found rmw_implementation_cmake: 6.1.2 (/opt/ros/humble/share/rmw_implementation_cmake/cmake)
-- Found rmw_fastrtps_cpp: 6.2.9 (/opt/ros/humble/share/rmw_fastrtps_cpp/cmake)
-- Found OpenSSL: /usr/lib/x86_64-linux-gnu/libcrypto.so (found version "3.0.2")  
-- Found FastRTPS: /opt/ros/humble/include  
-- Using RMW implementation 'rmw_fastrtps_cpp' as default
-- Looking for pthread.h
-- Looking for pthread.h - found
-- Performing Test CMAKE_HAVE_LIBC_PTHREAD
-- Performing Test CMAKE_HAVE_LIBC_PTHREAD - Success
-- Found Threads: TRUE  
-- Found rclcpp_action: 16.0.17 (/opt/ros/humble/share/rclcpp_action/cmake)
-- Found plansys2_msgs: 2.0.9 (/opt/ros/humble/share/plansys2_msgs/cmake)
-- Found plansys2_executor: 2.0.9 (/opt/ros/humble/share/plansys2_executor/cmake)
-- Found ament_lint_auto: 0.12.14 (/opt/ros/humble/share/ament_lint_auto/cmake)
-- Added test 'copyright' to check source files copyright and LICENSE
-- Added test 'cppcheck' to perform static code analysis on C / C++ code
-- Configured cppcheck include dirs: 
-- Configured cppcheck exclude dirs and/or files: 
-- Added test 'cpplint' to check C / C++ code against the Google style
-- Configured cpplint exclude dirs and/or files: 
-- Added test 'flake8' to check Python code syntax and style conventions
-- Added test 'lint_cmake' to check CMake code style
-- Added test 'pep257' to check Python code against some of the docstring style conventions in PEP 257
-- Added test 'uncrustify' to check C / C++ code style
-- Configured uncrustify additional arguments: 
-- Added test 'xmllint' to check XML markup files
-- Configuring done
-- Generating done
-- Build files have been written to: /root/plansys2_ws/src/build/museum
[  3%] [32mBuilding CXX object CMakeFiles/move_to_pressurized_room.dir/src/move_to_pressurized_room.cpp.o[0m
[  6%] [32mBuilding CXX object CMakeFiles/fly_into_seismic_room.dir/src/fly_into_seismic_room.cpp.o[0m
[ 10%] [32mBuilding CXX object CMakeFiles/pick_up_slot_1.dir/src/pick_up_slot_1.cpp.o[0m
[ 13%] [32mBuilding CXX object CMakeFiles/drop_pod_slot_1.dir/src/drop_pod_slot_1.cpp.o[0m
[ 16%] [32mBuilding CXX object CMakeFiles/pick_up_empty_pod_slot_1.dir/src/pick_up_empty_pod_slot_1.cpp.o[0m
[ 20%] [32mBuilding CXX object CMakeFiles/pick_up_full_pod_slot_1.dir/src/pick_up_full_pod_slot_1.cpp.o[0m
[ 23%] [32m[1mLinking CXX executable move_to_pressurized_room[0m
[ 26%] [32m[1mLinking CXX executable pick_up_full_pod_slot_1[0m
[ 30%] [32m[1mLinking CXX executable drop_pod_slot_1[0m
[ 30%] Built target move_to_pressurized_room
[ 33%] [32m[1mLinking CXX executable pick_up_slot_1[0m
[ 36%] [32m[1mLinking CXX executable fly_into_seismic_room[0m
[ 36%] Built target pick_up_full_pod_slot_1
[ 36%] Built target drop_pod_slot_1
[ 36%] Built target fly_into_seismic_room
[ 36%] Built target pick_up_slot_1
[ 40%] [32m[1mLinking CXX executable pick_up_empty_pod_slot_1[0m
[ 40%] Built target pick_up_empty_pod_slot_1
[ 43%] [32mBuilding CXX object CMakeFiles/cool_artifact_while_carrying_in_pod_slot_1.dir/src/cool_artifact_while_carrying_in_pod_slot_1.cpp.o[0m
[ 46%] [32m[1mLinking CXX executable cool_artifact_while_carrying_in_pod_slot_1[0m
[ 46%] Built target cool_artifact_while_carrying_in_pod_slot_1
[ 50%] [32mBuilding CXX object CMakeFiles/pick_up_slot_2.dir/src/pick_up_slot_2.cpp.o[0m
[ 53%] [32m[1mLinking CXX executable pick_up_slot_2[0m
[ 53%] Built target pick_up_slot_2
[ 56%] [32mBuilding CXX object CMakeFiles/release_artifact_slot_2.dir/src/release_artifact_slot_2.cpp.o[0m
[ 60%] [32m[1mLinking CXX executable release_artifact_slot_2[0m
[ 60%] Built target release_artifact_slot_2
[ 63%] [32mBuilding CXX object CMakeFiles/cool_artifact_while_carrying_slot_1.dir/src/cool_artifact_while_carrying_slot_1.cpp.o[0m
[ 66%] [32m[1mLinking CXX executable cool_artifact_while_carrying_slot_1[0m
[ 66%] Built target cool_artifact_while_carrying_slot_1
[ 70%] [32mBuilding CXX object CMakeFiles/release_artifact_from_pod_slot_1.dir/src/release_artifact_from_pod_slot_1.cpp.o[0m
[ 73%] [32m[1mLinking CXX executable release_artifact_from_pod_slot_1[0m
[ 73%] Built target release_artifact_from_pod_slot_1
[ 76%] [32mBuilding CXX object CMakeFiles/release_artifact_slot_1.dir/src/release_artifact_slot_1.cpp.o[0m
[ 80%] [32m[1mLinking CXX executable release_artifact_slot_1[0m
[ 80%] Built target release_artifact_slot_1
[ 83%] [32mBuilding CXX object CMakeFiles/put_in_pod_slot_1.dir/src/put_in_pod_slot_1.cpp.o[0m
[ 86%] [32m[1mLinking CXX executable put_in_pod_slot_1[0m
[ 86%] Built target put_in_pod_slot_1
[ 90%] [32mBuilding CXX object CMakeFiles/activate_seal.dir/src/activate_seal.cpp.o[0m
[ 93%] [32m[1mLinking CXX executable activate_seal[0m
[ 93%] Built target activate_seal
[ 96%] [32mBuilding CXX object CMakeFiles/move_to_unpressurized_room.dir/src/move_to_unpressurized_room.cpp.o[0m
[100%] [32m[1mLinking CXX executable move_to_unpressurized_room[0m
[100%] Built target move_to_unpressurized_room
-- Install configuration: ""
-- Execute custom install script
-- Symlinking: /root/plansys2_ws/src/install/museum/share/museum/launch/commands
-- Symlinking: /root/plansys2_ws/src/install/museum/share/museum/launch/launch.py
-- Symlinking: /root/plansys2_ws/src/install/museum/share/museum/pddl/domain.pddl
-- Symlinking: /root/plansys2_ws/src/install/museum/share/museum/pddl/problem.pddl
-- Symlinking: /root/plansys2_ws/src/install/museum/lib/museum/fly_into_seismic_room
-- Symlinking: /root/plansys2_ws/src/install/museum/lib/museum/move_to_pressurized_room
-- Symlinking: /root/plansys2_ws/src/install/museum/lib/museum/move_to_unpressurized_room
-- Symlinking: /root/plansys2_ws/src/install/museum/lib/museum/activate_seal
-- Symlinking: /root/plansys2_ws/src/install/museum/lib/museum/pick_up_empty_pod_slot_1
-- Symlinking: /root/plansys2_ws/src/install/museum/lib/museum/pick_up_full_pod_slot_1
-- Symlinking: /root/plansys2_ws/src/install/museum/lib/museum/drop_pod_slot_1
-- Symlinking: /root/plansys2_ws/src/install/museum/lib/museum/pick_up_slot_1
-- Symlinking: /root/plansys2_ws/src/install/museum/lib/museum/put_in_pod_slot_1
-- Symlinking: /root/plansys2_ws/src/install/museum/lib/museum/release_artifact_slot_1
-- Symlinking: /root/plansys2_ws/src/install/museum/lib/museum/release_artifact_from_pod_slot_1
-- Symlinking: /root/plansys2_ws/src/install/museum/lib/museum/cool_artifact_while_carrying_slot_1
-- Symlinking: /root/plansys2_ws/src/install/museum/lib/museum/cool_artifact_while_carrying_in_pod_slot_1
-- Symlinking: /root/plansys2_ws/src/install/museum/lib/museum/pick_up_slot_2
-- Symlinking: /root/plansys2_ws/src/install/museum/lib/museum/release_artifact_slot_2
-- Symlinking: /root/plansys2_ws/src/install/museum/share/ament_index/resource_index/package_run_dependencies/museum
-- Symlinking: /root/plansys2_ws/src/install/museum/share/ament_index/resource_index/parent_prefix_path/museum
-- Symlinking: /root/plansys2_ws/src/install/museum/share/museum/environment/ament_prefix_path.sh
-- Symlinking: /root/plansys2_ws/src/install/museum/share/museum/environment/ament_prefix_path.dsv
-- Symlinking: /root/plansys2_ws/src/install/museum/share/museum/environment/path.sh
-- Symlinking: /root/plansys2_ws/src/install/museum/share/museum/environment/path.dsv
-- Symlinking: /root/plansys2_ws/src/install/museum/share/museum/local_setup.bash
-- Symlinking: /root/plansys2_ws/src/install/museum/share/museum/local_setup.sh
-- Symlinking: /root/plansys2_ws/src/install/museum/share/museum/local_setup.zsh
-- Symlinking: /root/plansys2_ws/src/install/museum/share/museum/local_setup.dsv
-- Symlinking: /root/plansys2_ws/src/install/museum/share/museum/package.dsv
-- Symlinking: /root/plansys2_ws/src/install/museum/share/ament_index/resource_index/packages/museum
-- Symlinking: /root/plansys2_ws/src/install/museum/share/museum/cmake/ament_cmake_export_dependencies-extras.cmake
-- Symlinking: /root/plansys2_ws/src/install/museum/share/museum/cmake/museumConfig.cmake
-- Symlinking: /root/plansys2_ws/src/install/museum/share/museum/cmake/museumConfig-version.cmake
-- Symlinking: /root/plansys2_ws/src/install/museum/share/museum/package.xml
