[0.414s] Invoking command in '/root/plansys2_ws/src/build/museum': CMAKE_PREFIX_PATH=${CMAKE_PREFIX_PATH}:/opt/ros/humble /usr/bin/cmake /root/plansys2_ws/src/museum -DAMENT_CMAKE_SYMLINK_INSTALL=1 -DCMAKE_INSTALL_PREFIX=/root/plansys2_ws/src/install/museum
[1.257s] -- Found ament_cmake: 1.3.12 (/opt/ros/humble/share/ament_cmake/cmake)
[3.802s] -- Found Python3: /usr/bin/python3 (found version "3.10.12") found components: Interpreter 
[4.291s] -- Override CMake install command with custom implementation using symlinks instead of copying resources
[4.563s] -- Found rclcpp: 16.0.17 (/opt/ros/humble/share/rclcpp/cmake)
[4.926s] -- Found rosidl_generator_c: 3.1.8 (/opt/ros/humble/share/rosidl_generator_c/cmake)
[4.954s] -- Found rosidl_adapter: 3.1.8 (/opt/ros/humble/share/rosidl_adapter/cmake)
[5.005s] -- Found rosidl_generator_cpp: 3.1.8 (/opt/ros/humble/share/rosidl_generator_cpp/cmake)
[5.094s] -- Using all available rosidl_typesupport_c: rosidl_typesupport_fastrtps_c;rosidl_typesupport_introspection_c
[5.166s] -- Using all available rosidl_typesupport_cpp: rosidl_typesupport_fastrtps_cpp;rosidl_typesupport_introspection_cpp
[5.446s] -- Found rmw_implementation_cmake: 6.1.2 (/opt/ros/humble/share/rmw_implementation_cmake/cmake)
[5.463s] -- Found rmw_fastrtps_cpp: 6.2.9 (/opt/ros/humble/share/rmw_fastrtps_cpp/cmake)
[7.698s] -- Found OpenSSL: /usr/lib/x86_64-linux-gnu/libcrypto.so (found version "3.0.2")  
[7.772s] -- Found FastRTPS: /opt/ros/humble/include  
[7.938s] -- Using RMW implementation 'rmw_fastrtps_cpp' as default
[8.158s] -- Looking for pthread.h
[11.758s] -- Looking for pthread.h - found
[11.767s] -- Performing Test CMAKE_HAVE_LIBC_PTHREAD
[13.349s] -- Performing Test CMAKE_HAVE_LIBC_PTHREAD - Success
[13.369s] -- Found Threads: TRUE  
[13.662s] -- Found rclcpp_action: 16.0.17 (/opt/ros/humble/share/rclcpp_action/cmake)
[13.875s] -- Found plansys2_msgs: 2.0.9 (/opt/ros/humble/share/plansys2_msgs/cmake)
[13.947s] -- Found plansys2_executor: 2.0.9 (/opt/ros/humble/share/plansys2_executor/cmake)
[14.776s] -- Found ament_lint_auto: 0.12.14 (/opt/ros/humble/share/ament_lint_auto/cmake)
[15.116s] -- Added test 'copyright' to check source files copyright and LICENSE
[15.135s] -- Added test 'cppcheck' to perform static code analysis on C / C++ code
[15.140s] -- Configured cppcheck include dirs: 
[15.141s] -- Configured cppcheck exclude dirs and/or files: 
[15.163s] -- Added test 'cpplint' to check C / C++ code against the Google style
[15.164s] -- Configured cpplint exclude dirs and/or files: 
[15.164s] -- Added test 'flake8' to check Python code syntax and style conventions
[15.165s] -- Added test 'lint_cmake' to check CMake code style
[15.165s] -- Added test 'pep257' to check Python code against some of the docstring style conventions in PEP 257
[15.172s] -- Added test 'uncrustify' to check C / C++ code style
[15.172s] -- Configured uncrustify additional arguments: 
[15.175s] -- Added test 'xmllint' to check XML markup files
[15.201s] -- Configuring done
[15.935s] -- Generating done
[16.082s] -- Build files have been written to: /root/plansys2_ws/src/build/museum
[16.447s] Invoked command in '/root/plansys2_ws/src/build/museum' returned '0': CMAKE_PREFIX_PATH=${CMAKE_PREFIX_PATH}:/opt/ros/humble /usr/bin/cmake /root/plansys2_ws/src/museum -DAMENT_CMAKE_SYMLINK_INSTALL=1 -DCMAKE_INSTALL_PREFIX=/root/plansys2_ws/src/install/museum
[16.463s] Invoking command in '/root/plansys2_ws/src/build/museum': CMAKE_PREFIX_PATH=${CMAKE_PREFIX_PATH}:/opt/ros/humble /usr/bin/cmake --build /root/plansys2_ws/src/build/museum -- -j8 -l8
[17.294s] [  3%] [32mBuilding CXX object CMakeFiles/move_to_pressurized_room.dir/src/move_to_pressurized_room.cpp.o[0m
[17.457s] [  6%] [32mBuilding CXX object CMakeFiles/fly_into_seismic_room.dir/src/fly_into_seismic_room.cpp.o[0m
[18.228s] [ 10%] [32mBuilding CXX object CMakeFiles/pick_up_slot_1.dir/src/pick_up_slot_1.cpp.o[0m
[19.653s] [ 13%] [32mBuilding CXX object CMakeFiles/drop_pod_slot_1.dir/src/drop_pod_slot_1.cpp.o[0m
[21.316s] [ 16%] [32mBuilding CXX object CMakeFiles/pick_up_empty_pod_slot_1.dir/src/pick_up_empty_pod_slot_1.cpp.o[0m
[21.378s] [ 20%] [32mBuilding CXX object CMakeFiles/pick_up_full_pod_slot_1.dir/src/pick_up_full_pod_slot_1.cpp.o[0m
[336.596s] [ 23%] [32m[1mLinking CXX executable move_to_pressurized_room[0m
[342.381s] [ 26%] [32m[1mLinking CXX executable pick_up_full_pod_slot_1[0m
[343.020s] [ 30%] [32m[1mLinking CXX executable drop_pod_slot_1[0m
[343.152s] [ 30%] Built target move_to_pressurized_room
[343.908s] [ 33%] [32m[1mLinking CXX executable pick_up_slot_1[0m
[343.918s] [ 36%] [32m[1mLinking CXX executable fly_into_seismic_room[0m
[345.471s] [ 36%] Built target pick_up_full_pod_slot_1
[345.737s] [ 36%] Built target drop_pod_slot_1
[346.137s] [ 36%] Built target fly_into_seismic_room
[346.232s] [ 36%] Built target pick_up_slot_1
[346.675s] [ 40%] [32m[1mLinking CXX executable pick_up_empty_pod_slot_1[0m
[347.718s] [ 40%] Built target pick_up_empty_pod_slot_1
[348.251s] [ 43%] [32mBuilding CXX object CMakeFiles/cool_artifact_while_carrying_in_pod_slot_1.dir/src/cool_artifact_while_carrying_in_pod_slot_1.cpp.o[0m
[370.578s] [ 46%] [32m[1mLinking CXX executable cool_artifact_while_carrying_in_pod_slot_1[0m
[371.699s] [ 46%] Built target cool_artifact_while_carrying_in_pod_slot_1
[372.163s] [ 50%] [32mBuilding CXX object CMakeFiles/pick_up_slot_2.dir/src/pick_up_slot_2.cpp.o[0m
[386.601s] [ 53%] [32m[1mLinking CXX executable pick_up_slot_2[0m
[387.605s] [ 53%] Built target pick_up_slot_2
[388.142s] [ 56%] [32mBuilding CXX object CMakeFiles/release_artifact_slot_2.dir/src/release_artifact_slot_2.cpp.o[0m
[401.711s] [ 60%] [32m[1mLinking CXX executable release_artifact_slot_2[0m
[402.591s] [ 60%] Built target release_artifact_slot_2
[403.099s] [ 63%] [32mBuilding CXX object CMakeFiles/cool_artifact_while_carrying_slot_1.dir/src/cool_artifact_while_carrying_slot_1.cpp.o[0m
[415.664s] [ 66%] [32m[1mLinking CXX executable cool_artifact_while_carrying_slot_1[0m
[416.467s] [ 66%] Built target cool_artifact_while_carrying_slot_1
[416.859s] [ 70%] [32mBuilding CXX object CMakeFiles/release_artifact_from_pod_slot_1.dir/src/release_artifact_from_pod_slot_1.cpp.o[0m
[428.679s] [ 73%] [32m[1mLinking CXX executable release_artifact_from_pod_slot_1[0m
[429.569s] [ 73%] Built target release_artifact_from_pod_slot_1
[430.053s] [ 76%] [32mBuilding CXX object CMakeFiles/release_artifact_slot_1.dir/src/release_artifact_slot_1.cpp.o[0m
[441.611s] [ 80%] [32m[1mLinking CXX executable release_artifact_slot_1[0m
[442.477s] [ 80%] Built target release_artifact_slot_1
[442.936s] [ 83%] [32mBuilding CXX object CMakeFiles/put_in_pod_slot_1.dir/src/put_in_pod_slot_1.cpp.o[0m
[454.044s] [ 86%] [32m[1mLinking CXX executable put_in_pod_slot_1[0m
[455.085s] [ 86%] Built target put_in_pod_slot_1
[455.519s] [ 90%] [32mBuilding CXX object CMakeFiles/activate_seal.dir/src/activate_seal.cpp.o[0m
[465.163s] [ 93%] [32m[1mLinking CXX executable activate_seal[0m
[465.832s] [ 93%] Built target activate_seal
[466.216s] [ 96%] [32mBuilding CXX object CMakeFiles/move_to_unpressurized_room.dir/src/move_to_unpressurized_room.cpp.o[0m
[476.436s] [100%] [32m[1mLinking CXX executable move_to_unpressurized_room[0m
[477.159s] [100%] Built target move_to_unpressurized_room
[477.312s] Invoked command in '/root/plansys2_ws/src/build/museum' returned '0': CMAKE_PREFIX_PATH=${CMAKE_PREFIX_PATH}:/opt/ros/humble /usr/bin/cmake --build /root/plansys2_ws/src/build/museum -- -j8 -l8
[477.343s] Invoking command in '/root/plansys2_ws/src/build/museum': CMAKE_PREFIX_PATH=${CMAKE_PREFIX_PATH}:/opt/ros/humble /usr/bin/cmake --install /root/plansys2_ws/src/build/museum
[477.445s] -- Install configuration: ""
[477.454s] -- Execute custom install script
[477.496s] -- Symlinking: /root/plansys2_ws/src/install/museum/share/museum/launch/commands
[477.651s] -- Symlinking: /root/plansys2_ws/src/install/museum/share/museum/launch/launch.py
[477.747s] -- Symlinking: /root/plansys2_ws/src/install/museum/share/museum/pddl/domain.pddl
[477.818s] -- Symlinking: /root/plansys2_ws/src/install/museum/share/museum/pddl/problem.pddl
[477.912s] -- Symlinking: /root/plansys2_ws/src/install/museum/lib/museum/fly_into_seismic_room
[477.966s] -- Symlinking: /root/plansys2_ws/src/install/museum/lib/museum/move_to_pressurized_room
[478.033s] -- Symlinking: /root/plansys2_ws/src/install/museum/lib/museum/move_to_unpressurized_room
[478.116s] -- Symlinking: /root/plansys2_ws/src/install/museum/lib/museum/activate_seal
[478.193s] -- Symlinking: /root/plansys2_ws/src/install/museum/lib/museum/pick_up_empty_pod_slot_1
[478.280s] -- Symlinking: /root/plansys2_ws/src/install/museum/lib/museum/pick_up_full_pod_slot_1
[478.368s] -- Symlinking: /root/plansys2_ws/src/install/museum/lib/museum/drop_pod_slot_1
[478.489s] -- Symlinking: /root/plansys2_ws/src/install/museum/lib/museum/pick_up_slot_1
[478.552s] -- Symlinking: /root/plansys2_ws/src/install/museum/lib/museum/put_in_pod_slot_1
[478.617s] -- Symlinking: /root/plansys2_ws/src/install/museum/lib/museum/release_artifact_slot_1
[478.681s] -- Symlinking: /root/plansys2_ws/src/install/museum/lib/museum/release_artifact_from_pod_slot_1
[478.814s] -- Symlinking: /root/plansys2_ws/src/install/museum/lib/museum/cool_artifact_while_carrying_slot_1
[478.906s] -- Symlinking: /root/plansys2_ws/src/install/museum/lib/museum/cool_artifact_while_carrying_in_pod_slot_1
[478.999s] -- Symlinking: /root/plansys2_ws/src/install/museum/lib/museum/pick_up_slot_2
[479.100s] -- Symlinking: /root/plansys2_ws/src/install/museum/lib/museum/release_artifact_slot_2
[479.200s] -- Symlinking: /root/plansys2_ws/src/install/museum/share/ament_index/resource_index/package_run_dependencies/museum
[479.302s] -- Symlinking: /root/plansys2_ws/src/install/museum/share/ament_index/resource_index/parent_prefix_path/museum
[479.372s] -- Symlinking: /root/plansys2_ws/src/install/museum/share/museum/environment/ament_prefix_path.sh
[479.478s] -- Symlinking: /root/plansys2_ws/src/install/museum/share/museum/environment/ament_prefix_path.dsv
[479.565s] -- Symlinking: /root/plansys2_ws/src/install/museum/share/museum/environment/path.sh
[479.640s] -- Symlinking: /root/plansys2_ws/src/install/museum/share/museum/environment/path.dsv
[479.721s] -- Symlinking: /root/plansys2_ws/src/install/museum/share/museum/local_setup.bash
[479.826s] -- Symlinking: /root/plansys2_ws/src/install/museum/share/museum/local_setup.sh
[479.939s] -- Symlinking: /root/plansys2_ws/src/install/museum/share/museum/local_setup.zsh
[480.019s] -- Symlinking: /root/plansys2_ws/src/install/museum/share/museum/local_setup.dsv
[480.099s] -- Symlinking: /root/plansys2_ws/src/install/museum/share/museum/package.dsv
[480.179s] -- Symlinking: /root/plansys2_ws/src/install/museum/share/ament_index/resource_index/packages/museum
[480.237s] -- Symlinking: /root/plansys2_ws/src/install/museum/share/museum/cmake/ament_cmake_export_dependencies-extras.cmake
[480.308s] -- Symlinking: /root/plansys2_ws/src/install/museum/share/museum/cmake/museumConfig.cmake
[480.364s] -- Symlinking: /root/plansys2_ws/src/install/museum/share/museum/cmake/museumConfig-version.cmake
[480.424s] -- Symlinking: /root/plansys2_ws/src/install/museum/share/museum/package.xml
[480.500s] Invoked command in '/root/plansys2_ws/src/build/museum' returned '0': CMAKE_PREFIX_PATH=${CMAKE_PREFIX_PATH}:/opt/ros/humble /usr/bin/cmake --install /root/plansys2_ws/src/build/museum
