[0.228s] Invoking command in '/root/plansys2_ws/src/build/plansys2_simple_example': /usr/bin/cmake /root/plansys2_ws/src/plansys2_simple_example -DAMENT_CMAKE_SYMLINK_INSTALL=1 -DCMAKE_INSTALL_PREFIX=/root/plansys2_ws/src/install/plansys2_simple_example
[1.628s] -- The C compiler identification is GNU 11.4.0
[2.374s] -- The CXX compiler identification is GNU 11.4.0
[2.487s] -- Detecting C compiler ABI info
[4.132s] -- Detecting C compiler ABI info - done
[4.205s] -- Check for working C compiler: /usr/bin/cc - skipped
[4.206s] -- Detecting C compile features
[4.208s] -- Detecting C compile features - done
[4.235s] -- Detecting CXX compiler ABI info
[5.811s] -- Detecting CXX compiler ABI info - done
[5.863s] -- Check for working CXX compiler: /usr/bin/c++ - skipped
[5.864s] -- Detecting CXX compile features
[5.865s] -- Detecting CXX compile features - done
[6.022s] [31mCMake Error at CMakeLists.txt:5 (find_package):
[6.027s]   By not providing "Findament_cmake.cmake" in CMAKE_MODULE_PATH this project
[6.031s]   has asked CMake to find a package configuration file provided by
[6.077s]   "ament_cmake", but CMake did not find one.
[6.086s] 
[6.087s]   Could not find a package configuration file provided by "ament_cmake" with
[6.088s]   any of the following names:
[6.088s] 
[6.089s]     ament_cmakeConfig.cmake
[6.089s]     ament_cmake-config.cmake
[6.097s] 
[6.099s]   Add the installation prefix of "ament_cmake" to CMAKE_PREFIX_PATH or set
[6.100s]   "ament_cmake_DIR" to a directory containing one of the above files.  If
[6.101s]   "ament_cmake" provides a separate development package or SDK, be sure it
[6.104s]   has been installed.
[6.106s] 
[6.114s] [0m
[6.116s] -- Configuring incomplete, errors occurred!
[6.119s] See also "/root/plansys2_ws/src/build/plansys2_simple_example/CMakeFiles/CMakeOutput.log".
[6.130s] Invoked command in '/root/plansys2_ws/src/build/plansys2_simple_example' returned '1': /usr/bin/cmake /root/plansys2_ws/src/plansys2_simple_example -DAMENT_CMAKE_SYMLINK_INSTALL=1 -DCMAKE_INSTALL_PREFIX=/root/plansys2_ws/src/install/plansys2_simple_example
