[1.788s] DEBUG:colcon:Command line arguments: ['/usr/bin/colcon', 'build', '--symlink-install']
[1.792s] DEBUG:colcon:Parsed command line arguments: Namespace(log_base=None, log_level=None, verb_name='build', build_base='build', install_base='install', merge_install=False, symlink_install=True, test_result_base=None, continue_on_error=False, executor='parallel', parallel_workers=8, event_handlers=None, ignore_user_meta=False, metas=['./colcon.meta'], base_paths=['.'], packages_ignore=None, packages_ignore_regex=None, paths=None, packages_up_to=None, packages_up_to_regex=None, packages_above=None, packages_above_and_dependencies=None, packages_above_depth=None, packages_select_by_dep=None, packages_skip_by_dep=None, packages_skip_up_to=None, packages_select_build_failed=False, packages_skip_build_finished=False, packages_select_test_failures=False, packages_skip_test_passed=False, packages_select=None, packages_skip=None, packages_select_regex=None, packages_skip_regex=None, packages_start=None, packages_end=None, cmake_args=None, cmake_target=None, cmake_target_skip_unavailable=False, cmake_clean_cache=False, cmake_clean_first=False, cmake_force_configure=False, ament_cmake_args=None, catkin_cmake_args=None, catkin_skip_building_tests=False, mixin_files=None, mixin=None, verb_parser=<colcon_mixin.mixin.mixin_argument.MixinArgumentDecorator object at 0x7ffffe20b430>, verb_extension=<colcon_core.verb.build.BuildVerb object at 0x7ffffe34c430>, main=<bound method BuildVerb.main of <colcon_core.verb.build.BuildVerb object at 0x7ffffe34c430>>, mixin_verb=('build',))
[3.016s] Level 1:colcon.colcon_core.package_discovery:discover_packages(colcon_meta) check parameters
[3.025s] INFO:colcon.colcon_metadata.package_discovery.colcon_meta:Using configuration from '/root/.colcon/metadata/default/Gazebo.meta'
[3.026s] INFO:colcon.colcon_metadata.package_discovery.colcon_meta:Using configuration from '/root/.colcon/metadata/default/fastdds.meta'
[3.030s] INFO:colcon.colcon_metadata.package_discovery.colcon_meta:Using configuration from '/root/.colcon/metadata/default/fastrtps.meta'
[3.031s] Level 1:colcon.colcon_core.package_discovery:discover_packages(recursive) check parameters
[3.032s] Level 1:colcon.colcon_core.package_discovery:discover_packages(ignore) check parameters
[3.036s] Level 1:colcon.colcon_core.package_discovery:discover_packages(path) check parameters
[3.037s] Level 1:colcon.colcon_core.package_discovery:discover_packages(colcon_meta) discover
[3.038s] Level 1:colcon.colcon_core.package_discovery:discover_packages(recursive) discover
[3.042s] INFO:colcon.colcon_core.package_discovery:Crawling recursively for packages in '/root/plansys2_ws/src'
[3.044s] Level 1:colcon.colcon_core.package_identification:_identify(.) by extensions ['ignore', 'ignore_ament_install']
[3.044s] Level 1:colcon.colcon_core.package_identification:_identify(.) by extension 'ignore'
[3.045s] Level 1:colcon.colcon_core.package_identification:_identify(.) by extension 'ignore_ament_install'
[3.045s] Level 1:colcon.colcon_core.package_identification:_identify(.) by extensions ['colcon_pkg']
[3.046s] Level 1:colcon.colcon_core.package_identification:_identify(.) by extension 'colcon_pkg'
[3.046s] Level 1:colcon.colcon_core.package_identification:_identify(.) by extensions ['colcon_meta']
[3.046s] Level 1:colcon.colcon_core.package_identification:_identify(.) by extension 'colcon_meta'
[3.046s] Level 1:colcon.colcon_core.package_identification:_identify(.) by extensions ['ros']
[3.046s] Level 1:colcon.colcon_core.package_identification:_identify(.) by extension 'ros'
[3.159s] Level 1:colcon.colcon_core.package_identification:_identify(.) by extensions ['cmake', 'python']
[3.162s] Level 1:colcon.colcon_core.package_identification:_identify(.) by extension 'cmake'
[3.164s] Level 1:colcon.colcon_core.package_identification:_identify(.) by extension 'python'
[3.164s] Level 1:colcon.colcon_core.package_identification:_identify(.) by extensions ['python_setup_py']
[3.164s] Level 1:colcon.colcon_core.package_identification:_identify(.) by extension 'python_setup_py'
[3.167s] Level 1:colcon.colcon_core.package_identification:_identify(build) by extensions ['ignore', 'ignore_ament_install']
[3.168s] Level 1:colcon.colcon_core.package_identification:_identify(build) by extension 'ignore'
[3.168s] Level 1:colcon.colcon_core.package_identification:_identify(build) ignored
[3.173s] Level 1:colcon.colcon_core.package_identification:_identify(install) by extensions ['ignore', 'ignore_ament_install']
[3.174s] Level 1:colcon.colcon_core.package_identification:_identify(install) by extension 'ignore'
[3.174s] Level 1:colcon.colcon_core.package_identification:_identify(install) ignored
[3.175s] Level 1:colcon.colcon_core.package_identification:_identify(log) by extensions ['ignore', 'ignore_ament_install']
[3.175s] Level 1:colcon.colcon_core.package_identification:_identify(log) by extension 'ignore'
[3.175s] Level 1:colcon.colcon_core.package_identification:_identify(log) ignored
[3.176s] Level 1:colcon.colcon_core.package_identification:_identify(museum) by extensions ['ignore', 'ignore_ament_install']
[3.179s] Level 1:colcon.colcon_core.package_identification:_identify(museum) by extension 'ignore'
[3.179s] Level 1:colcon.colcon_core.package_identification:_identify(museum) by extension 'ignore_ament_install'
[3.180s] Level 1:colcon.colcon_core.package_identification:_identify(museum) by extensions ['colcon_pkg']
[3.180s] Level 1:colcon.colcon_core.package_identification:_identify(museum) by extension 'colcon_pkg'
[3.180s] Level 1:colcon.colcon_core.package_identification:_identify(museum) by extensions ['colcon_meta']
[3.180s] Level 1:colcon.colcon_core.package_identification:_identify(museum) by extension 'colcon_meta'
[3.180s] Level 1:colcon.colcon_core.package_identification:_identify(museum) by extensions ['ros']
[3.180s] Level 1:colcon.colcon_core.package_identification:_identify(museum) by extension 'ros'
[3.219s] DEBUG:colcon.colcon_core.package_identification:Package 'museum' with type 'ros.ament_cmake' and name 'museum'
[3.222s] Level 1:colcon.colcon_core.package_identification:_identify(plansys2_simple_example) by extensions ['ignore', 'ignore_ament_install']
[3.222s] Level 1:colcon.colcon_core.package_identification:_identify(plansys2_simple_example) by extension 'ignore'
[3.224s] Level 1:colcon.colcon_core.package_identification:_identify(plansys2_simple_example) by extension 'ignore_ament_install'
[3.228s] Level 1:colcon.colcon_core.package_identification:_identify(plansys2_simple_example) by extensions ['colcon_pkg']
[3.228s] Level 1:colcon.colcon_core.package_identification:_identify(plansys2_simple_example) by extension 'colcon_pkg'
[3.228s] Level 1:colcon.colcon_core.package_identification:_identify(plansys2_simple_example) by extensions ['colcon_meta']
[3.228s] Level 1:colcon.colcon_core.package_identification:_identify(plansys2_simple_example) by extension 'colcon_meta'
[3.228s] Level 1:colcon.colcon_core.package_identification:_identify(plansys2_simple_example) by extensions ['ros']
[3.228s] Level 1:colcon.colcon_core.package_identification:_identify(plansys2_simple_example) by extension 'ros'
[3.232s] DEBUG:colcon.colcon_core.package_identification:Package 'plansys2_simple_example' with type 'ros.ament_cmake' and name 'plansys2_simple_example'
[3.233s] Level 1:colcon.colcon_core.package_discovery:discover_packages(recursive) using defaults
[3.233s] Level 1:colcon.colcon_core.package_discovery:discover_packages(ignore) discover
[3.233s] Level 1:colcon.colcon_core.package_discovery:discover_packages(ignore) using defaults
[3.233s] Level 1:colcon.colcon_core.package_discovery:discover_packages(path) discover
[3.233s] Level 1:colcon.colcon_core.package_discovery:discover_packages(path) using defaults
[3.452s] Level 5:colcon.colcon_core.verb:set package 'museum' build argument 'cmake_args' from command line to 'None'
[3.455s] Level 5:colcon.colcon_core.verb:set package 'museum' build argument 'cmake_target' from command line to 'None'
[3.456s] Level 5:colcon.colcon_core.verb:set package 'museum' build argument 'cmake_target_skip_unavailable' from command line to 'False'
[3.456s] Level 5:colcon.colcon_core.verb:set package 'museum' build argument 'cmake_clean_cache' from command line to 'False'
[3.456s] Level 5:colcon.colcon_core.verb:set package 'museum' build argument 'cmake_clean_first' from command line to 'False'
[3.457s] Level 5:colcon.colcon_core.verb:set package 'museum' build argument 'cmake_force_configure' from command line to 'False'
[3.457s] Level 5:colcon.colcon_core.verb:set package 'museum' build argument 'ament_cmake_args' from command line to 'None'
[3.457s] Level 5:colcon.colcon_core.verb:set package 'museum' build argument 'catkin_cmake_args' from command line to 'None'
[3.457s] Level 5:colcon.colcon_core.verb:set package 'museum' build argument 'catkin_skip_building_tests' from command line to 'False'
[3.457s] DEBUG:colcon.colcon_core.verb:Building package 'museum' with the following arguments: {'ament_cmake_args': None, 'build_base': '/root/plansys2_ws/src/build/museum', 'catkin_cmake_args': None, 'catkin_skip_building_tests': False, 'cmake_args': None, 'cmake_clean_cache': False, 'cmake_clean_first': False, 'cmake_force_configure': False, 'cmake_target': None, 'cmake_target_skip_unavailable': False, 'install_base': '/root/plansys2_ws/src/install/museum', 'merge_install': False, 'path': '/root/plansys2_ws/src/museum', 'symlink_install': True, 'test_result_base': None}
[3.458s] Level 5:colcon.colcon_core.verb:set package 'plansys2_simple_example' build argument 'cmake_args' from command line to 'None'
[3.458s] Level 5:colcon.colcon_core.verb:set package 'plansys2_simple_example' build argument 'cmake_target' from command line to 'None'
[3.458s] Level 5:colcon.colcon_core.verb:set package 'plansys2_simple_example' build argument 'cmake_target_skip_unavailable' from command line to 'False'
[3.459s] Level 5:colcon.colcon_core.verb:set package 'plansys2_simple_example' build argument 'cmake_clean_cache' from command line to 'False'
[3.459s] Level 5:colcon.colcon_core.verb:set package 'plansys2_simple_example' build argument 'cmake_clean_first' from command line to 'False'
[3.459s] Level 5:colcon.colcon_core.verb:set package 'plansys2_simple_example' build argument 'cmake_force_configure' from command line to 'False'
[3.459s] Level 5:colcon.colcon_core.verb:set package 'plansys2_simple_example' build argument 'ament_cmake_args' from command line to 'None'
[3.459s] Level 5:colcon.colcon_core.verb:set package 'plansys2_simple_example' build argument 'catkin_cmake_args' from command line to 'None'
[3.459s] Level 5:colcon.colcon_core.verb:set package 'plansys2_simple_example' build argument 'catkin_skip_building_tests' from command line to 'False'
[3.459s] DEBUG:colcon.colcon_core.verb:Building package 'plansys2_simple_example' with the following arguments: {'ament_cmake_args': None, 'build_base': '/root/plansys2_ws/src/build/plansys2_simple_example', 'catkin_cmake_args': None, 'catkin_skip_building_tests': False, 'cmake_args': None, 'cmake_clean_cache': False, 'cmake_clean_first': False, 'cmake_force_configure': False, 'cmake_target': None, 'cmake_target_skip_unavailable': False, 'install_base': '/root/plansys2_ws/src/install/plansys2_simple_example', 'merge_install': False, 'path': '/root/plansys2_ws/src/plansys2_simple_example', 'symlink_install': True, 'test_result_base': None}
[3.463s] INFO:colcon.colcon_core.executor:Executing jobs using 'parallel' executor
[3.493s] DEBUG:colcon.colcon_parallel_executor.executor.parallel:run_until_complete
[3.499s] INFO:colcon.colcon_ros.task.ament_cmake.build:Building ROS package in '/root/plansys2_ws/src/museum' with build type 'ament_cmake'
[3.500s] INFO:colcon.colcon_cmake.task.cmake.build:Building CMake package in '/root/plansys2_ws/src/museum'
[3.530s] INFO:colcon.colcon_core.plugin_system:Skipping extension 'colcon_core.shell.bat': Not used on non-Windows systems
[3.530s] INFO:colcon.colcon_core.shell:Skip shell extension 'powershell' for command environment: Not usable outside of PowerShell
[3.530s] DEBUG:colcon.colcon_core.shell:Skip shell extension 'dsv' for command environment
[3.724s] INFO:colcon.colcon_ros.task.ament_cmake.build:Building ROS package in '/root/plansys2_ws/src/plansys2_simple_example' with build type 'ament_cmake'
[3.727s] INFO:colcon.colcon_cmake.task.cmake.build:Building CMake package in '/root/plansys2_ws/src/plansys2_simple_example'
[3.746s] INFO:colcon.colcon_core.shell:Skip shell extension 'powershell' for command environment: Not usable outside of PowerShell
[3.749s] DEBUG:colcon.colcon_core.shell:Skip shell extension 'dsv' for command environment
[3.923s] DEBUG:colcon.colcon_core.event_handler.log_command:Invoking command in '/root/plansys2_ws/src/build/museum': CMAKE_PREFIX_PATH=${CMAKE_PREFIX_PATH}:/opt/ros/humble /usr/bin/cmake /root/plansys2_ws/src/museum -DAMENT_CMAKE_SYMLINK_INSTALL=1 -DCMAKE_INSTALL_PREFIX=/root/plansys2_ws/src/install/museum
[3.975s] DEBUG:colcon.colcon_core.event_handler.log_command:Invoking command in '/root/plansys2_ws/src/build/plansys2_simple_example': CMAKE_PREFIX_PATH=${CMAKE_PREFIX_PATH}:/opt/ros/humble /usr/bin/cmake /root/plansys2_ws/src/plansys2_simple_example -DAMENT_CMAKE_SYMLINK_INSTALL=1 -DCMAKE_INSTALL_PREFIX=/root/plansys2_ws/src/install/plansys2_simple_example
[19.321s] DEBUG:colcon.colcon_core.event_handler.log_command:Invoked command in '/root/plansys2_ws/src/build/plansys2_simple_example' returned '0': CMAKE_PREFIX_PATH=${CMAKE_PREFIX_PATH}:/opt/ros/humble /usr/bin/cmake /root/plansys2_ws/src/plansys2_simple_example -DAMENT_CMAKE_SYMLINK_INSTALL=1 -DCMAKE_INSTALL_PREFIX=/root/plansys2_ws/src/install/plansys2_simple_example
[19.441s] DEBUG:colcon.colcon_core.event_handler.log_command:Invoking command in '/root/plansys2_ws/src/build/plansys2_simple_example': CMAKE_PREFIX_PATH=${CMAKE_PREFIX_PATH}:/opt/ros/humble /usr/bin/cmake --build /root/plansys2_ws/src/build/plansys2_simple_example -- -j8 -l8
[19.959s] DEBUG:colcon.colcon_core.event_handler.log_command:Invoked command in '/root/plansys2_ws/src/build/museum' returned '0': CMAKE_PREFIX_PATH=${CMAKE_PREFIX_PATH}:/opt/ros/humble /usr/bin/cmake /root/plansys2_ws/src/museum -DAMENT_CMAKE_SYMLINK_INSTALL=1 -DCMAKE_INSTALL_PREFIX=/root/plansys2_ws/src/install/museum
[19.974s] DEBUG:colcon.colcon_core.event_handler.log_command:Invoking command in '/root/plansys2_ws/src/build/museum': CMAKE_PREFIX_PATH=${CMAKE_PREFIX_PATH}:/opt/ros/humble /usr/bin/cmake --build /root/plansys2_ws/src/build/museum -- -j8 -l8
[374.353s] DEBUG:colcon.colcon_core.event_handler.log_command:Invoked command in '/root/plansys2_ws/src/build/plansys2_simple_example' returned '0': CMAKE_PREFIX_PATH=${CMAKE_PREFIX_PATH}:/opt/ros/humble /usr/bin/cmake --build /root/plansys2_ws/src/build/plansys2_simple_example -- -j8 -l8
[374.582s] DEBUG:colcon.colcon_core.event_handler.log_command:Invoking command in '/root/plansys2_ws/src/build/plansys2_simple_example': CMAKE_PREFIX_PATH=${CMAKE_PREFIX_PATH}:/opt/ros/humble /usr/bin/cmake --install /root/plansys2_ws/src/build/plansys2_simple_example
[380.417s] Level 1:colcon.colcon_core.environment:create_environment_scripts_only(plansys2_simple_example)
[380.438s] DEBUG:colcon.colcon_core.event_handler.log_command:Invoked command in '/root/plansys2_ws/src/build/plansys2_simple_example' returned '0': CMAKE_PREFIX_PATH=${CMAKE_PREFIX_PATH}:/opt/ros/humble /usr/bin/cmake --install /root/plansys2_ws/src/build/plansys2_simple_example
[380.491s] Level 1:colcon.colcon_core.environment:checking '/root/plansys2_ws/src/install/plansys2_simple_example' for CMake module files
[380.511s] Level 1:colcon.colcon_core.environment:checking '/root/plansys2_ws/src/install/plansys2_simple_example' for CMake config files
[380.519s] Level 1:colcon.colcon_core.shell:create_environment_hook('plansys2_simple_example', 'cmake_prefix_path')
[380.521s] INFO:colcon.colcon_core.shell:Creating environment hook '/root/plansys2_ws/src/install/plansys2_simple_example/share/plansys2_simple_example/hook/cmake_prefix_path.ps1'
[380.549s] INFO:colcon.colcon_core.shell:Creating environment descriptor '/root/plansys2_ws/src/install/plansys2_simple_example/share/plansys2_simple_example/hook/cmake_prefix_path.dsv'
[380.552s] INFO:colcon.colcon_core.shell:Creating environment hook '/root/plansys2_ws/src/install/plansys2_simple_example/share/plansys2_simple_example/hook/cmake_prefix_path.sh'
[380.569s] Level 1:colcon.colcon_core.environment:checking '/root/plansys2_ws/src/install/plansys2_simple_example/lib'
[380.573s] Level 1:colcon.colcon_core.environment:checking '/root/plansys2_ws/src/install/plansys2_simple_example/bin'
[380.574s] Level 1:colcon.colcon_core.environment:checking '/root/plansys2_ws/src/install/plansys2_simple_example/lib/pkgconfig/plansys2_simple_example.pc'
[380.592s] Level 1:colcon.colcon_core.environment:checking '/root/plansys2_ws/src/install/plansys2_simple_example/lib/python3.10/site-packages'
[380.593s] Level 1:colcon.colcon_core.environment:checking '/root/plansys2_ws/src/install/plansys2_simple_example/bin'
[380.594s] INFO:colcon.colcon_core.shell:Creating package script '/root/plansys2_ws/src/install/plansys2_simple_example/share/plansys2_simple_example/package.ps1'
[380.609s] INFO:colcon.colcon_core.shell:Creating package descriptor '/root/plansys2_ws/src/install/plansys2_simple_example/share/plansys2_simple_example/package.dsv'
[380.643s] INFO:colcon.colcon_core.shell:Creating package script '/root/plansys2_ws/src/install/plansys2_simple_example/share/plansys2_simple_example/package.sh'
[380.660s] INFO:colcon.colcon_core.shell:Creating package script '/root/plansys2_ws/src/install/plansys2_simple_example/share/plansys2_simple_example/package.bash'
[380.674s] INFO:colcon.colcon_core.shell:Creating package script '/root/plansys2_ws/src/install/plansys2_simple_example/share/plansys2_simple_example/package.zsh'
[380.690s] Level 1:colcon.colcon_core.environment:create_file_with_runtime_dependencies(/root/plansys2_ws/src/install/plansys2_simple_example/share/colcon-core/packages/plansys2_simple_example)
[380.861s] Level 1:colcon.colcon_core.environment:create_environment_scripts_only(plansys2_simple_example)
[380.886s] Level 1:colcon.colcon_core.environment:checking '/root/plansys2_ws/src/install/plansys2_simple_example' for CMake module files
[381.047s] Level 1:colcon.colcon_core.environment:checking '/root/plansys2_ws/src/install/plansys2_simple_example' for CMake config files
[381.062s] Level 1:colcon.colcon_core.shell:create_environment_hook('plansys2_simple_example', 'cmake_prefix_path')
[381.064s] INFO:colcon.colcon_core.shell:Creating environment hook '/root/plansys2_ws/src/install/plansys2_simple_example/share/plansys2_simple_example/hook/cmake_prefix_path.ps1'
[381.094s] INFO:colcon.colcon_core.shell:Creating environment descriptor '/root/plansys2_ws/src/install/plansys2_simple_example/share/plansys2_simple_example/hook/cmake_prefix_path.dsv'
[381.096s] INFO:colcon.colcon_core.shell:Creating environment hook '/root/plansys2_ws/src/install/plansys2_simple_example/share/plansys2_simple_example/hook/cmake_prefix_path.sh'
[381.102s] Level 1:colcon.colcon_core.environment:checking '/root/plansys2_ws/src/install/plansys2_simple_example/lib'
[381.103s] Level 1:colcon.colcon_core.environment:checking '/root/plansys2_ws/src/install/plansys2_simple_example/bin'
[381.103s] Level 1:colcon.colcon_core.environment:checking '/root/plansys2_ws/src/install/plansys2_simple_example/lib/pkgconfig/plansys2_simple_example.pc'
[381.104s] Level 1:colcon.colcon_core.environment:checking '/root/plansys2_ws/src/install/plansys2_simple_example/lib/python3.10/site-packages'
[381.126s] Level 1:colcon.colcon_core.environment:checking '/root/plansys2_ws/src/install/plansys2_simple_example/bin'
[381.129s] INFO:colcon.colcon_core.shell:Creating package script '/root/plansys2_ws/src/install/plansys2_simple_example/share/plansys2_simple_example/package.ps1'
[381.138s] INFO:colcon.colcon_core.shell:Creating package descriptor '/root/plansys2_ws/src/install/plansys2_simple_example/share/plansys2_simple_example/package.dsv'
[381.147s] INFO:colcon.colcon_core.shell:Creating package script '/root/plansys2_ws/src/install/plansys2_simple_example/share/plansys2_simple_example/package.sh'
[381.154s] INFO:colcon.colcon_core.shell:Creating package script '/root/plansys2_ws/src/install/plansys2_simple_example/share/plansys2_simple_example/package.bash'
[381.206s] INFO:colcon.colcon_core.shell:Creating package script '/root/plansys2_ws/src/install/plansys2_simple_example/share/plansys2_simple_example/package.zsh'
[381.210s] Level 1:colcon.colcon_core.environment:create_file_with_runtime_dependencies(/root/plansys2_ws/src/install/plansys2_simple_example/share/colcon-core/packages/plansys2_simple_example)
[480.896s] DEBUG:colcon.colcon_core.event_handler.log_command:Invoked command in '/root/plansys2_ws/src/build/museum' returned '0': CMAKE_PREFIX_PATH=${CMAKE_PREFIX_PATH}:/opt/ros/humble /usr/bin/cmake --build /root/plansys2_ws/src/build/museum -- -j8 -l8
[480.929s] DEBUG:colcon.colcon_core.event_handler.log_command:Invoking command in '/root/plansys2_ws/src/build/museum': CMAKE_PREFIX_PATH=${CMAKE_PREFIX_PATH}:/opt/ros/humble /usr/bin/cmake --install /root/plansys2_ws/src/build/museum
[484.081s] Level 1:colcon.colcon_core.environment:create_environment_scripts_only(museum)
[484.085s] Level 1:colcon.colcon_core.environment:checking '/root/plansys2_ws/src/install/museum' for CMake module files
[484.085s] DEBUG:colcon.colcon_core.event_handler.log_command:Invoked command in '/root/plansys2_ws/src/build/museum' returned '0': CMAKE_PREFIX_PATH=${CMAKE_PREFIX_PATH}:/opt/ros/humble /usr/bin/cmake --install /root/plansys2_ws/src/build/museum
[484.119s] Level 1:colcon.colcon_core.environment:checking '/root/plansys2_ws/src/install/museum' for CMake config files
[484.126s] Level 1:colcon.colcon_core.shell:create_environment_hook('museum', 'cmake_prefix_path')
[484.128s] INFO:colcon.colcon_core.shell:Creating environment hook '/root/plansys2_ws/src/install/museum/share/museum/hook/cmake_prefix_path.ps1'
[484.145s] INFO:colcon.colcon_core.shell:Creating environment descriptor '/root/plansys2_ws/src/install/museum/share/museum/hook/cmake_prefix_path.dsv'
[484.158s] INFO:colcon.colcon_core.shell:Creating environment hook '/root/plansys2_ws/src/install/museum/share/museum/hook/cmake_prefix_path.sh'
[484.160s] Level 1:colcon.colcon_core.environment:checking '/root/plansys2_ws/src/install/museum/lib'
[484.161s] Level 1:colcon.colcon_core.environment:checking '/root/plansys2_ws/src/install/museum/bin'
[484.161s] Level 1:colcon.colcon_core.environment:checking '/root/plansys2_ws/src/install/museum/lib/pkgconfig/museum.pc'
[484.162s] Level 1:colcon.colcon_core.environment:checking '/root/plansys2_ws/src/install/museum/lib/python3.10/site-packages'
[484.162s] Level 1:colcon.colcon_core.environment:checking '/root/plansys2_ws/src/install/museum/bin'
[484.163s] INFO:colcon.colcon_core.shell:Creating package script '/root/plansys2_ws/src/install/museum/share/museum/package.ps1'
[484.170s] INFO:colcon.colcon_core.shell:Creating package descriptor '/root/plansys2_ws/src/install/museum/share/museum/package.dsv'
[484.178s] INFO:colcon.colcon_core.shell:Creating package script '/root/plansys2_ws/src/install/museum/share/museum/package.sh'
[484.184s] INFO:colcon.colcon_core.shell:Creating package script '/root/plansys2_ws/src/install/museum/share/museum/package.bash'
[484.187s] INFO:colcon.colcon_core.shell:Creating package script '/root/plansys2_ws/src/install/museum/share/museum/package.zsh'
[484.193s] Level 1:colcon.colcon_core.environment:create_file_with_runtime_dependencies(/root/plansys2_ws/src/install/museum/share/colcon-core/packages/museum)
[484.198s] Level 1:colcon.colcon_core.environment:create_environment_scripts_only(museum)
[484.200s] Level 1:colcon.colcon_core.environment:checking '/root/plansys2_ws/src/install/museum' for CMake module files
[484.215s] Level 1:colcon.colcon_core.environment:checking '/root/plansys2_ws/src/install/museum' for CMake config files
[484.221s] Level 1:colcon.colcon_core.shell:create_environment_hook('museum', 'cmake_prefix_path')
[484.225s] INFO:colcon.colcon_core.shell:Creating environment hook '/root/plansys2_ws/src/install/museum/share/museum/hook/cmake_prefix_path.ps1'
[484.227s] INFO:colcon.colcon_core.shell:Creating environment descriptor '/root/plansys2_ws/src/install/museum/share/museum/hook/cmake_prefix_path.dsv'
[484.230s] INFO:colcon.colcon_core.shell:Creating environment hook '/root/plansys2_ws/src/install/museum/share/museum/hook/cmake_prefix_path.sh'
[484.233s] Level 1:colcon.colcon_core.environment:checking '/root/plansys2_ws/src/install/museum/lib'
[484.233s] Level 1:colcon.colcon_core.environment:checking '/root/plansys2_ws/src/install/museum/bin'
[484.234s] Level 1:colcon.colcon_core.environment:checking '/root/plansys2_ws/src/install/museum/lib/pkgconfig/museum.pc'
[484.234s] Level 1:colcon.colcon_core.environment:checking '/root/plansys2_ws/src/install/museum/lib/python3.10/site-packages'
[484.236s] Level 1:colcon.colcon_core.environment:checking '/root/plansys2_ws/src/install/museum/bin'
[484.237s] INFO:colcon.colcon_core.shell:Creating package script '/root/plansys2_ws/src/install/museum/share/museum/package.ps1'
[484.239s] INFO:colcon.colcon_core.shell:Creating package descriptor '/root/plansys2_ws/src/install/museum/share/museum/package.dsv'
[484.244s] INFO:colcon.colcon_core.shell:Creating package script '/root/plansys2_ws/src/install/museum/share/museum/package.sh'
[484.246s] INFO:colcon.colcon_core.shell:Creating package script '/root/plansys2_ws/src/install/museum/share/museum/package.bash'
[484.248s] INFO:colcon.colcon_core.shell:Creating package script '/root/plansys2_ws/src/install/museum/share/museum/package.zsh'
[484.249s] Level 1:colcon.colcon_core.environment:create_file_with_runtime_dependencies(/root/plansys2_ws/src/install/museum/share/colcon-core/packages/museum)
[484.253s] DEBUG:colcon.colcon_parallel_executor.executor.parallel:closing loop
[484.256s] DEBUG:colcon.colcon_parallel_executor.executor.parallel:loop closed
[484.257s] DEBUG:colcon.colcon_parallel_executor.executor.parallel:run_until_complete finished with '0'
[484.258s] DEBUG:colcon.colcon_core.event_reactor:joining thread
[484.381s] INFO:colcon.colcon_core.plugin_system:Skipping extension 'colcon_notification.desktop_notification.notify_send': Could not find 'notify-send'
[484.381s] INFO:colcon.colcon_core.plugin_system:Skipping extension 'colcon_notification.desktop_notification.terminal_notifier': Not used on non-Darwin systems
[484.382s] INFO:colcon.colcon_core.plugin_system:Skipping extension 'colcon_notification.desktop_notification.win32': Not used on non-Windows systems
[484.382s] INFO:colcon.colcon_notification.desktop_notification:Sending desktop notification using 'notify2'
[484.398s] DEBUG:colcon.colcon_notification.desktop_notification.notify2:Failed to initialize notify2: org.freedesktop.DBus.Error.Spawn.ExecFailed: /usr/bin/dbus-launch terminated abnormally without any error message
[484.399s] DEBUG:colcon.colcon_core.event_reactor:joined thread
[484.404s] INFO:colcon.colcon_core.shell:Creating prefix script '/root/plansys2_ws/src/install/local_setup.ps1'
[484.415s] INFO:colcon.colcon_core.shell:Creating prefix util module '/root/plansys2_ws/src/install/_local_setup_util_ps1.py'
[484.430s] INFO:colcon.colcon_core.shell:Creating prefix chain script '/root/plansys2_ws/src/install/setup.ps1'
[484.445s] INFO:colcon.colcon_core.shell:Creating prefix script '/root/plansys2_ws/src/install/local_setup.sh'
[484.454s] INFO:colcon.colcon_core.shell:Creating prefix util module '/root/plansys2_ws/src/install/_local_setup_util_sh.py'
[484.469s] INFO:colcon.colcon_core.shell:Creating prefix chain script '/root/plansys2_ws/src/install/setup.sh'
[484.481s] INFO:colcon.colcon_core.shell:Creating prefix script '/root/plansys2_ws/src/install/local_setup.bash'
[484.486s] INFO:colcon.colcon_core.shell:Creating prefix chain script '/root/plansys2_ws/src/install/setup.bash'
[484.492s] INFO:colcon.colcon_core.shell:Creating prefix script '/root/plansys2_ws/src/install/local_setup.zsh'
[484.502s] INFO:colcon.colcon_core.shell:Creating prefix chain script '/root/plansys2_ws/src/install/setup.zsh'
