
If holds: var1:3 var5:3 var8:6 var0:6 var2:1 var3:6 var4:1 var6:6 var7:6 var9:3 var10:3 var22:0 var21:0 var18:0 var15:0
Execute: goal / SC / d=0

If holds: var31:1 var12:1 var29:8 var1:3 var5:3 var0:6 var2:1 var3:6 var4:1 var6:6 var7:6 var9:3 var10:3 var22:0 var21:0 var18:0 var15:0
Execute: release-artifact-from-pod-slot-1 scientist rover-wheel stasis-lab pod2 / SC / d=1

If holds: var31:0 var12:1 var29:8 var1:3 var5:3 var0:6 var2:1 var3:6 var4:1 var6:6 var7:6 var9:3 var10:3 var22:0 var21:0 var18:0 var15:0
Execute: move-to-pressurized-room scientist maintenance-tunnel stasis-lab / SC / d=2

If holds: var31:0 var12:10 var14:6 var29:8 var1:3 var5:3 var0:6 var2:1 var3:6 var4:1 var6:6 var7:6 var9:3 var10:3 var22:0 var21:0 var18:0 var15:0
Execute: pick-up-pod-slot-1 scientist maintenance-tunnel pod2 / SC / d=3

If holds: var31:0 var32:5 var12:10 var14:0 var29:8 var1:3 var5:3 var0:6 var2:1 var3:6 var4:1 var6:6 var7:6 var9:3 var10:3 var22:0 var21:0 var18:0 var15:0
Execute: drop-pod-slot-1 technician pod2 maintenance-tunnel / SC / d=4

If holds: var31:0 var32:4 var35:0 var12:10 var14:0 var29:8 var1:3 var5:3 var0:6 var2:1 var3:6 var4:1 var6:6 var7:6 var9:3 var10:3 var22:0 var21:0 var18:0 var15:0
Execute: move-to-unpressurized-room technician hall-b maintenance-tunnel / SC / d=5

If holds: var31:0 var32:4 var35:0 var12:10 var14:0 var29:11 var1:3 var5:3 var8:4 var0:6 var2:1 var3:6 var4:1 var6:6 var7:6 var9:3 var10:3 var22:0 var21:0 var18:0 var15:0
Execute: put-in-pod rover-wheel technological hall-b technician pod2 / SC / d=6

If holds: var31:0 var32:4 var12:10 var14:0 var29:11 var1:3 var5:3 var8:4 var0:6 var2:1 var3:6 var4:1 var6:6 var7:6 var9:3 var10:3 var22:0 var21:0 var18:0 var15:0
Execute: activate-seal technician / SC / d=7

If holds: var31:0 var32:5 var12:10 var14:0 var29:11 var1:3 var5:3 var8:4 var0:6 var2:1 var3:6 var4:1 var6:6 var7:6 var9:3 var10:3 var22:0 var21:0 var18:0 var15:0
Execute: try-to-enter-seismic-room technician hall-b maintenance-tunnel / SC / d=8

If holds: var31:0 var32:5 var12:10 var26:0 var14:6 var29:11 var1:3 var5:3 var8:4 var0:6 var2:1 var3:6 var4:1 var6:6 var7:6 var9:3 var10:3 var22:0 var21:0 var18:0 var15:0
Execute: pick-up-pod-slot-1 technician maintenance-tunnel pod2 / SC / d=9

If holds: var31:0 var32:5 var12:1 var26:0 var29:11 var1:3 var5:3 var8:4 var0:6 var2:1 var3:6 var4:1 var6:6 var7:6 var9:3 var10:3 var22:0 var21:0 var18:0 var15:0
Execute: drop-pod-slot-1 scientist pod2 maintenance-tunnel / SC / d=10

If holds: var31:1 var34:0 var32:5 var12:1 var26:0 var29:11 var1:3 var5:3 var8:4 var0:6 var2:1 var3:6 var4:1 var6:6 var7:6 var9:3 var10:3 var22:0 var21:0 var18:0 var15:0
Execute: move-to-unpressurized-room scientist stasis-lab maintenance-tunnel / SC / d=11

If holds: var31:1 var34:0 var32:4 var35:0 var12:1 var26:0 var29:11 var1:3 var5:3 var8:4 var0:6 var2:1 var3:6 var4:1 var6:6 var7:6 var9:3 var10:3 var22:0 var21:0 var18:0 var15:0
Execute: move-to-unpressurized-room technician hall-b maintenance-tunnel / SC / d=12

If holds: var31:1 var34:0 var32:4 var35:0 var12:1 var26:0 var29:7 var1:3 var5:3 var8:4 var0:6 var2:1 var3:6 var4:1 var6:6 var9:3 var10:3 var22:0 var21:0 var18:0 var15:0
Execute: release-artifact-from-pod-slot-1 scientist mart-west-core-drill stasis-lab pod2 / SC / d=13

If holds: var31:1 var32:4 var35:0 var12:1 var26:0 var29:7 var1:3 var5:3 var8:4 var0:6 var2:1 var3:6 var4:1 var6:6 var9:3 var10:3 var22:0 var21:0 var18:0 var15:0
Execute: activate-seal scientist / SC / d=14

If holds: var31:0 var32:4 var35:0 var12:1 var26:0 var29:7 var1:3 var5:3 var8:4 var0:6 var2:1 var3:6 var4:1 var6:6 var9:3 var10:3 var22:0 var21:0 var18:0 var15:0
Execute: move-to-pressurized-room scientist maintenance-tunnel stasis-lab / SC / d=15

If holds: var31:0 var32:4 var35:0 var12:1 var26:0 var29:11 var1:3 var5:3 var8:4 var0:6 var2:1 var3:6 var4:1 var6:6 var7:5 var9:3 var10:3 var22:0 var21:0 var18:0 var15:0
Execute: put-in-pod mart-west-core-drill scientific maintenance-tunnel scientist pod2 / SC / d=16

If holds: var31:0 var30:5 var32:4 var35:0 var12:1 var26:0 var11:7 var29:11 var1:3 var5:3 var8:4 var0:6 var2:1 var3:6 var4:1 var6:6 var9:3 var10:3 var22:0 var21:0 var18:0 var15:0
Execute: release-artifact-slot-1 curator mart-west-core-drill maintenance-tunnel / SC / d=17

If holds: var31:0 var30:1 var33:0 var32:4 var35:0 var12:1 var26:0 var11:7 var29:11 var1:3 var5:3 var8:4 var0:6 var2:1 var3:6 var4:1 var6:6 var9:3 var10:3 var22:0 var21:0 var18:0 var15:0
Execute: move-to-unpressurized-room curator cryo-chamber maintenance-tunnel / SC / d=18

If holds: var31:0 var30:1 var33:0 var32:4 var35:0 var12:1 var26:0 var11:10 var29:11 var1:3 var5:3 var8:4 var0:6 var2:1 var3:6 var4:1 var6:6 var7:1 var9:3 var10:3 var22:0 var21:0 var18:0 var15:0
Execute: pick-up-slot-1 mart-west-core-drill scientific cryo-chamber curator / SC / d=19

If holds: var31:0 var30:1 var33:0 var32:4 var35:0 var12:10 var26:0 var14:6 var11:10 var29:11 var1:3 var5:3 var8:4 var0:6 var2:1 var3:6 var4:1 var6:6 var7:1 var9:3 var10:3 var22:0 var21:0 var18:0 var15:0
Execute: pick-up-pod-slot-1 scientist maintenance-tunnel pod2 / SC / d=20

If holds: var31:1 var34:0 var30:1 var33:0 var32:4 var35:0 var12:10 var26:0 var14:6 var11:10 var29:11 var1:3 var5:3 var8:4 var0:6 var2:1 var3:6 var4:1 var6:6 var7:1 var9:3 var10:3 var22:0 var21:0 var18:0 var15:0
Execute: move-to-unpressurized-room scientist stasis-lab maintenance-tunnel / SC / d=21

If holds: var31:1 var34:0 var30:1 var33:0 var32:4 var35:0 var43:0 var12:10 var26:0 var14:6 var11:7 var29:11 var1:3 var5:3 var8:4 var0:6 var2:1 var3:6 var4:1 var6:6 var9:3 var10:3 var21:0 var18:0 var15:0
Execute: release-artifact-cryo-slot-1 curator mart-west-core-drill cryo-chamber / SC / d=22

If holds: var31:1 var34:0 var30:1 var32:4 var35:0 var43:0 var12:10 var26:0 var14:6 var11:7 var29:11 var1:3 var5:3 var8:4 var0:6 var2:1 var3:6 var4:1 var6:6 var9:3 var10:3 var21:0 var18:0 var15:0
Execute: activate-seal curator / SC / d=23

If holds: var31:1 var34:0 var30:5 var32:4 var35:0 var43:0 var12:10 var26:0 var14:6 var11:7 var29:11 var1:3 var5:3 var8:4 var0:6 var2:1 var3:6 var4:1 var6:6 var9:3 var10:3 var21:0 var18:0 var15:0
Execute: move-to-pressurized-room curator maintenance-tunnel cryo-chamber / SC / d=24

If holds: var31:1 var34:0 var30:3 var33:0 var32:4 var35:0 var43:0 var12:10 var26:0 var14:6 var11:7 var29:11 var1:3 var5:3 var8:4 var0:6 var2:1 var3:6 var4:1 var6:6 var9:3 var10:3 var21:0 var18:0 var15:0
Execute: move-to-unpressurized-room curator hall-a maintenance-tunnel / SC / d=25

If holds: var31:1 var34:0 var30:3 var33:0 var32:4 var35:0 var43:0 var12:10 var26:0 var14:6 var11:10 var29:11 var1:3 var5:3 var8:4 var0:6 var2:1 var3:6 var4:1 var6:6 var7:3 var9:3 var10:3 var21:0 var18:0 var15:0
Execute: pick-up-slot-1 mart-west-core-drill scientific hall-a curator / SC / d=26

If holds: var31:1 var34:0 var30:3 var32:4 var35:0 var43:0 var12:10 var26:0 var14:6 var11:10 var29:11 var1:3 var5:3 var8:4 var0:6 var2:1 var3:6 var4:1 var6:6 var7:3 var9:3 var10:3 var21:0 var18:0 var15:0
Execute: activate-seal curator / SC / d=27

If holds: var31:1 var34:0 var30:5 var32:4 var35:0 var43:0 var12:10 var26:0 var14:6 var11:10 var29:11 var1:3 var5:3 var8:4 var0:6 var2:1 var3:6 var4:1 var6:6 var7:3 var9:3 var10:3 var21:0 var18:0 var15:0
Execute: move-to-pressurized-room curator maintenance-tunnel hall-a / SC / d=28

If holds: var31:1 var34:0 var30:5 var32:4 var35:0 var43:0 var12:10 var26:0 var11:1 var29:11 var1:3 var5:3 var8:4 var0:6 var2:1 var3:6 var4:1 var6:6 var7:3 var9:3 var10:3 var21:0 var18:0 var15:0
Execute: drop-pod-slot-1 curator pod2 maintenance-tunnel / SC / d=29

If holds: var31:1 var34:0 var30:5 var32:4 var35:0 var43:0 var12:6 var26:0 var11:1 var29:11 var1:3 var5:3 var8:4 var0:6 var2:1 var3:6 var4:1 var7:3 var9:3 var10:3 var21:0 var18:0 var15:0
Execute: release-artifact-slot-1 scientist mart-sud-core-drill stasis-lab / SC / d=30

If holds: var31:1 var30:5 var32:4 var35:0 var43:0 var12:6 var26:0 var11:1 var29:11 var1:3 var5:3 var8:4 var0:6 var2:1 var3:6 var4:1 var7:3 var9:3 var10:3 var21:0 var18:0 var15:0
Execute: activate-seal scientist / SC / d=31

If holds: var31:0 var30:5 var32:4 var35:0 var43:0 var12:6 var26:0 var11:1 var29:11 var1:3 var5:3 var8:4 var0:6 var2:1 var3:6 var4:1 var7:3 var9:3 var10:3 var21:0 var18:0 var15:0
Execute: move-to-pressurized-room scientist maintenance-tunnel stasis-lab / SC / d=32

If holds: var31:0 var30:5 var32:4 var35:0 var43:0 var12:10 var26:0 var11:1 var29:11 var1:3 var5:3 var8:4 var0:6 var2:1 var3:6 var4:1 var6:5 var7:3 var9:3 var10:3 var21:0 var18:0 var15:0
Execute: pick-up-slot-1 mart-sud-core-drill scientific maintenance-tunnel scientist / SC / d=33

If holds: var31:1 var34:0 var30:5 var32:4 var35:0 var43:0 var12:10 var26:0 var11:1 var29:11 var1:3 var5:3 var8:4 var0:6 var2:1 var3:6 var4:1 var6:5 var7:3 var9:3 var10:3 var21:0 var18:0 var15:0
Execute: move-to-unpressurized-room scientist stasis-lab maintenance-tunnel / SC / d=34

If holds: var31:1 var34:0 var30:5 var32:4 var35:0 var43:0 var12:10 var26:0 var11:1 var29:6 var1:3 var5:3 var8:4 var0:6 var2:1 var3:6 var4:1 var7:3 var9:3 var10:3 var21:0 var18:0 var15:0
Execute: release-artifact-from-pod-slot-1 curator mart-sud-core-drill maintenance-tunnel pod2 / SC / d=35

If holds: var31:1 var34:0 var30:1 var33:0 var32:4 var35:0 var43:0 var12:10 var26:0 var11:1 var29:6 var1:3 var5:3 var8:4 var0:6 var2:1 var3:6 var4:1 var7:3 var9:3 var10:3 var21:0 var18:0 var15:0
Execute: move-to-unpressurized-room curator cryo-chamber maintenance-tunnel / SC / d=36

If holds: var31:1 var34:0 var30:1 var33:0 var32:4 var35:0 var43:0 var12:10 var26:0 var11:1 var29:11 var1:3 var5:3 var8:4 var0:6 var2:1 var3:6 var4:1 var6:1 var7:3 var9:3 var10:3 var21:0 var18:0 var15:0
Execute: put-in-pod mart-sud-core-drill scientific cryo-chamber curator pod2 / SC / d=37

If holds: var31:1 var34:0 var30:1 var33:0 var32:4 var35:0 var43:0 var12:10 var26:0 var11:1 var29:6 var1:3 var5:3 var8:4 var0:6 var2:1 var3:6 var4:1 var7:3 var9:3 var10:3 var18:0 var15:0
Execute: release-artifact-cryo-from-pod-slot-1 curator mart-sud-core-drill cryo-chamber pod2 / SC / d=38

If holds: var31:1 var34:0 var30:1 var32:4 var35:0 var43:0 var12:10 var26:0 var11:1 var29:6 var1:3 var5:3 var8:4 var0:6 var2:1 var3:6 var4:1 var7:3 var9:3 var10:3 var18:0 var15:0
Execute: activate-seal curator / SC / d=39

If holds: var31:1 var34:0 var30:5 var32:4 var35:0 var43:0 var12:10 var26:0 var11:1 var29:6 var1:3 var5:3 var8:4 var0:6 var2:1 var3:6 var4:1 var7:3 var9:3 var10:3 var18:0 var15:0
Execute: move-to-pressurized-room curator maintenance-tunnel cryo-chamber / SC / d=40

If holds: var31:1 var34:0 var30:3 var33:0 var32:4 var35:0 var43:0 var12:10 var26:0 var11:1 var29:6 var1:3 var5:3 var8:4 var0:6 var2:1 var3:6 var4:1 var7:3 var9:3 var10:3 var18:0 var15:0
Execute: move-to-unpressurized-room curator hall-a maintenance-tunnel / SC / d=41

If holds: var31:1 var34:0 var30:3 var33:0 var32:4 var35:0 var43:0 var12:10 var26:0 var11:1 var29:11 var1:3 var5:3 var8:4 var0:6 var2:1 var3:6 var4:1 var6:3 var7:3 var9:3 var10:3 var18:0 var15:0
Execute: put-in-pod mart-sud-core-drill scientific hall-a curator pod2 / SC / d=42

If holds: var31:1 var34:0 var30:3 var32:4 var35:0 var43:0 var12:10 var26:0 var11:1 var29:11 var1:3 var5:3 var8:4 var0:6 var2:1 var3:6 var4:1 var6:3 var7:3 var9:3 var10:3 var18:0 var15:0
Execute: activate-seal curator / SC / d=43

If holds: var31:1 var34:0 var30:5 var32:4 var35:0 var43:0 var12:10 var26:0 var11:1 var29:11 var1:3 var5:3 var8:4 var0:6 var2:1 var3:6 var4:1 var6:3 var7:3 var9:3 var10:3 var18:0 var15:0
Execute: move-to-pressurized-room curator maintenance-tunnel hall-a / SC / d=44

If holds: var31:1 var34:0 var30:5 var32:4 var35:0 var43:0 var12:10 var26:0 var14:6 var11:10 var29:11 var1:3 var5:3 var8:4 var0:6 var2:1 var3:6 var4:1 var6:3 var7:3 var9:3 var10:3 var18:0 var15:0
Execute: pick-up-pod-slot-1 curator maintenance-tunnel pod2 / SC / d=45

If holds: var31:1 var34:0 var30:1 var33:0 var32:4 var35:0 var43:0 var12:10 var26:0 var14:6 var11:10 var29:11 var1:3 var5:3 var8:4 var0:6 var2:1 var3:6 var4:1 var6:3 var7:3 var9:3 var10:3 var18:0 var15:0
Execute: move-to-unpressurized-room curator cryo-chamber maintenance-tunnel / SC / d=46

If holds: var31:1 var34:0 var30:1 var32:4 var35:0 var43:0 var12:10 var26:0 var14:6 var11:10 var29:11 var1:3 var5:3 var8:4 var0:6 var2:1 var3:6 var4:1 var6:3 var7:3 var9:3 var10:3 var18:0 var15:0
Execute: activate-seal curator / SC / d=47

If holds: var31:1 var34:0 var30:1 var32:4 var35:0 var40:0 var43:0 var12:10 var26:0 var14:6 var11:5 var29:11 var1:3 var5:3 var8:4 var0:6 var2:1 var3:6 var6:3 var7:3 var9:3 var10:3 var18:0 var15:0
Execute: release-artifact-cryo-slot-1 curator mart-north-pole-ice-sample cryo-chamber / SC / d=48

If holds: var31:1 var34:0 var30:5 var32:4 var35:0 var40:0 var43:0 var12:10 var26:0 var14:6 var11:5 var29:11 var1:3 var5:3 var8:4 var0:6 var2:1 var3:6 var6:3 var7:3 var9:3 var10:3 var18:0 var15:0
Execute: move-to-pressurized-room curator maintenance-tunnel cryo-chamber / SC / d=49

If holds: var31:1 var34:0 var30:3 var33:0 var32:4 var35:0 var40:0 var43:0 var12:10 var26:0 var14:6 var11:5 var29:11 var1:3 var5:3 var8:4 var0:6 var2:1 var3:6 var6:3 var7:3 var9:3 var10:3 var18:0 var15:0
Execute: move-to-unpressurized-room curator hall-a maintenance-tunnel / SC / d=50

If holds: var31:1 var34:0 var30:3 var33:0 var32:4 var35:0 var40:0 var43:0 var12:10 var26:0 var14:6 var11:10 var29:11 var1:3 var5:3 var8:4 var0:6 var2:1 var3:6 var4:3 var6:3 var7:3 var9:3 var10:3 var18:0 var15:0
Execute: pick-up-slot-1 mart-north-pole-ice-sample scientific hall-a curator / SC / d=51

If holds: var31:1 var34:0 var30:3 var32:4 var35:0 var40:0 var43:0 var12:10 var26:0 var14:6 var11:10 var29:11 var1:3 var5:3 var8:4 var0:6 var2:1 var3:6 var4:3 var6:3 var7:3 var9:3 var10:3 var18:0 var15:0
Execute: activate-seal curator / SC / d=52

If holds: var31:1 var34:0 var30:5 var32:4 var35:0 var40:0 var43:0 var12:10 var26:0 var14:6 var11:10 var29:11 var1:3 var5:3 var8:4 var0:6 var2:1 var3:6 var4:3 var6:3 var7:3 var9:3 var10:3 var18:0 var15:0
Execute: move-to-pressurized-room curator maintenance-tunnel hall-a / SC / d=53

If holds: var31:1 var34:0 var30:1 var33:0 var32:4 var35:0 var40:0 var43:0 var12:10 var26:0 var14:6 var11:10 var29:11 var1:3 var5:3 var8:4 var0:6 var2:1 var3:6 var4:3 var6:3 var7:3 var9:3 var10:3 var18:0 var15:0
Execute: move-to-unpressurized-room curator cryo-chamber maintenance-tunnel / SC / d=54

If holds: var31:1 var34:0 var30:1 var32:4 var35:0 var40:0 var43:0 var12:10 var26:0 var14:6 var11:10 var29:11 var1:3 var5:3 var8:4 var0:6 var2:1 var3:6 var4:3 var6:3 var7:3 var9:3 var10:3 var18:0 var15:0
Execute: activate-seal curator / SC / d=55

If holds: var31:1 var34:0 var30:1 var32:4 var35:0 var38:0 var40:0 var43:0 var12:10 var26:0 var14:6 var11:3 var29:11 var1:3 var5:3 var8:4 var0:6 var3:6 var4:3 var6:3 var7:3 var9:3 var10:3 var18:0 var15:0
Execute: release-artifact-cryo-slot-1 curator mart-mysterious-egg cryo-chamber / SC / d=56

If holds: var31:1 var34:0 var30:5 var32:4 var35:0 var38:0 var40:0 var43:0 var12:10 var26:0 var14:6 var11:3 var29:11 var1:3 var5:3 var8:4 var0:6 var3:6 var4:3 var6:3 var7:3 var9:3 var10:3 var18:0 var15:0
Execute: move-to-pressurized-room curator maintenance-tunnel cryo-chamber / SC / d=57

If holds: var31:1 var34:0 var30:3 var33:0 var32:4 var35:0 var38:0 var40:0 var43:0 var12:10 var26:0 var14:6 var11:3 var29:11 var1:3 var5:3 var8:4 var0:6 var3:6 var4:3 var6:3 var7:3 var9:3 var10:3 var18:0 var15:0
Execute: move-to-unpressurized-room curator hall-a maintenance-tunnel / SC / d=58

If holds: var31:1 var34:0 var30:3 var33:0 var32:4 var35:0 var38:0 var40:0 var43:0 var12:10 var26:0 var14:6 var11:10 var29:11 var1:3 var5:3 var8:4 var0:6 var2:3 var3:6 var4:3 var6:3 var7:3 var9:3 var10:3 var18:0 var15:0
Execute: pick-up-slot-1 mart-mysterious-egg top-secret hall-a curator / SC / d=59

If holds: var31:1 var34:0 var30:3 var32:4 var35:0 var38:0 var40:0 var43:0 var12:10 var26:0 var14:6 var11:10 var29:11 var1:3 var5:3 var8:4 var0:6 var2:3 var3:6 var4:3 var6:3 var7:3 var9:3 var10:3 var18:0 var15:0
Execute: activate-seal curator / SC / d=60

If holds: var31:1 var34:0 var30:5 var32:4 var35:0 var38:0 var40:0 var43:0 var12:10 var26:0 var14:6 var11:10 var29:11 var1:3 var5:3 var8:4 var0:6 var2:3 var3:6 var4:3 var6:3 var7:3 var9:3 var10:3 var18:0 var15:0
Execute: move-to-pressurized-room curator maintenance-tunnel hall-a / SC / d=61

If holds: var31:1 var34:0 var30:5 var32:4 var35:0 var38:0 var40:0 var43:0 var12:10 var26:0 var11:1 var29:11 var1:3 var5:3 var8:4 var0:6 var2:3 var3:6 var4:3 var6:3 var7:3 var9:3 var10:3 var18:0 var15:0
Execute: drop-pod-slot-1 curator pod2 maintenance-tunnel / SC / d=62

If holds: var31:1 var34:0 var30:5 var32:4 var35:0 var38:0 var40:0 var43:0 var12:4 var26:0 var11:1 var29:11 var1:3 var5:3 var8:4 var0:6 var2:3 var4:3 var6:3 var7:3 var9:3 var10:3 var18:0 var15:0
Execute: release-artifact-slot-1 scientist mart-nord-core-drill stasis-lab / SC / d=63

If holds: var31:1 var30:5 var32:4 var35:0 var38:0 var40:0 var43:0 var12:4 var26:0 var11:1 var29:11 var1:3 var5:3 var8:4 var0:6 var2:3 var4:3 var6:3 var7:3 var9:3 var10:3 var18:0 var15:0
Execute: activate-seal scientist / SC / d=64

If holds: var31:0 var30:5 var32:4 var35:0 var38:0 var40:0 var43:0 var12:4 var26:0 var11:1 var29:11 var1:3 var5:3 var8:4 var0:6 var2:3 var4:3 var6:3 var7:3 var9:3 var10:3 var18:0 var15:0
Execute: move-to-pressurized-room scientist maintenance-tunnel stasis-lab / SC / d=65

If holds: var31:0 var30:5 var32:4 var35:0 var38:0 var40:0 var43:0 var12:10 var26:0 var11:1 var29:11 var1:3 var5:3 var8:4 var0:6 var2:3 var3:5 var4:3 var6:3 var7:3 var9:3 var10:3 var18:0 var15:0
Execute: pick-up-slot-1 mart-nord-core-drill scientific maintenance-tunnel scientist / SC / d=66

If holds: var31:1 var34:0 var30:5 var32:4 var35:0 var38:0 var40:0 var43:0 var12:10 var26:0 var11:1 var29:11 var1:3 var5:3 var8:4 var0:6 var2:3 var3:5 var4:3 var6:3 var7:3 var9:3 var10:3 var18:0 var15:0
Execute: move-to-unpressurized-room scientist stasis-lab maintenance-tunnel / SC / d=67

If holds: var31:1 var34:0 var30:5 var32:4 var35:0 var38:0 var40:0 var43:0 var12:10 var26:0 var11:1 var29:3 var1:3 var5:3 var8:4 var0:6 var2:3 var4:3 var6:3 var7:3 var9:3 var10:3 var18:0 var15:0
Execute: release-artifact-from-pod-slot-1 curator mart-nord-core-drill maintenance-tunnel pod2 / SC / d=68

If holds: var31:1 var34:0 var30:1 var33:0 var32:4 var35:0 var38:0 var40:0 var43:0 var12:10 var26:0 var11:1 var29:3 var1:3 var5:3 var8:4 var0:6 var2:3 var4:3 var6:3 var7:3 var9:3 var10:3 var18:0 var15:0
Execute: move-to-unpressurized-room curator cryo-chamber maintenance-tunnel / SC / d=69

If holds: var31:1 var34:0 var30:1 var33:0 var32:4 var35:0 var38:0 var40:0 var43:0 var12:10 var26:0 var11:1 var29:11 var1:3 var5:3 var8:4 var0:6 var2:3 var3:1 var4:3 var6:3 var7:3 var9:3 var10:3 var18:0 var15:0
Execute: put-in-pod mart-nord-core-drill scientific cryo-chamber curator pod2 / SC / d=70

If holds: var31:1 var34:0 var30:1 var32:4 var35:0 var38:0 var40:0 var43:0 var12:10 var26:0 var11:1 var29:11 var1:3 var5:3 var8:4 var0:6 var2:3 var3:1 var4:3 var6:3 var7:3 var9:3 var10:3 var18:0 var15:0
Execute: activate-seal curator / SC / d=71

If holds: var31:1 var34:0 var30:5 var32:4 var35:0 var38:0 var40:0 var43:0 var12:10 var26:0 var11:1 var29:11 var1:3 var5:3 var8:4 var0:6 var2:3 var3:1 var4:3 var6:3 var7:3 var9:3 var10:3 var18:0 var15:0
Execute: move-to-pressurized-room curator maintenance-tunnel cryo-chamber / SC / d=72

If holds: var31:1 var34:0 var30:3 var33:0 var32:4 var35:0 var38:0 var40:0 var43:0 var12:10 var26:0 var11:1 var29:11 var1:3 var5:3 var8:4 var0:6 var2:3 var3:1 var4:3 var6:3 var7:3 var9:3 var10:3 var18:0 var15:0
Execute: move-to-unpressurized-room curator hall-a maintenance-tunnel / SC / d=73

If holds: var31:1 var34:0 var30:3 var32:4 var35:0 var38:0 var40:0 var43:0 var12:10 var26:0 var11:1 var29:11 var1:3 var5:3 var8:4 var0:6 var2:3 var3:1 var4:3 var6:3 var7:3 var9:3 var10:3 var18:0 var15:0
Execute: activate-seal curator / SC / d=74

If holds: var31:1 var34:0 var30:3 var32:4 var35:0 var38:0 var40:0 var43:0 var12:10 var26:0 var11:1 var29:9 var1:3 var5:3 var8:4 var0:6 var2:3 var3:1 var4:3 var6:3 var7:3 var10:3 var18:0 var15:0
Execute: release-artifact-from-pod-slot-1 curator venus-rock-sample hall-a pod2 / SC / d=75

If holds: var31:1 var34:0 var30:5 var32:4 var35:0 var38:0 var40:0 var43:0 var12:10 var26:0 var11:1 var29:9 var1:3 var5:3 var8:4 var0:6 var2:3 var3:1 var4:3 var6:3 var7:3 var10:3 var18:0 var15:0
Execute: move-to-pressurized-room curator maintenance-tunnel hall-a / SC / d=76

If holds: var31:1 var34:0 var30:5 var32:4 var35:0 var38:0 var40:0 var43:0 var12:10 var26:0 var11:1 var29:11 var1:3 var5:3 var8:4 var0:6 var2:3 var3:1 var4:3 var6:3 var7:3 var9:5 var10:3 var18:0 var15:0
Execute: put-in-pod venus-rock-sample scientific maintenance-tunnel curator pod2 / SC / d=77

If holds: var31:1 var34:0 var30:3 var33:0 var32:4 var35:0 var38:0 var40:0 var43:0 var12:10 var26:0 var11:1 var29:11 var1:3 var5:3 var8:4 var0:6 var2:3 var3:1 var4:3 var6:3 var7:3 var9:5 var10:3 var18:0 var15:0
Execute: move-to-unpressurized-room curator hall-a maintenance-tunnel / SC / d=78

If holds: var31:1 var34:0 var30:3 var32:4 var35:0 var38:0 var40:0 var43:0 var12:10 var26:0 var11:1 var29:11 var1:3 var5:3 var8:4 var0:6 var2:3 var3:1 var4:3 var6:3 var7:3 var9:5 var10:3 var18:0 var15:0
Execute: activate-seal curator / SC / d=79

If holds: var31:1 var34:0 var30:3 var32:4 var35:0 var38:0 var40:0 var43:0 var12:10 var26:0 var11:1 var29:10 var1:3 var5:3 var8:4 var0:6 var2:3 var3:1 var4:3 var6:3 var7:3 var9:5 var18:0 var15:0
Execute: release-artifact-from-pod-slot-1 curator venus-sand-sample hall-a pod2 / SC / d=80

If holds: var31:1 var34:0 var30:5 var32:4 var35:0 var38:0 var40:0 var43:0 var12:10 var26:0 var11:1 var29:10 var1:3 var5:3 var8:4 var0:6 var2:3 var3:1 var4:3 var6:3 var7:3 var9:5 var18:0 var15:0
Execute: move-to-pressurized-room curator maintenance-tunnel hall-a / SC / d=81

If holds: var31:1 var34:0 var30:4 var33:0 var32:4 var35:0 var38:0 var40:0 var43:0 var12:10 var26:0 var11:1 var29:10 var1:3 var5:3 var8:4 var0:6 var2:3 var3:1 var4:3 var6:3 var7:3 var9:5 var18:0 var15:0
Execute: move-to-unpressurized-room curator hall-b maintenance-tunnel / SC / d=82

If holds: var31:1 var34:0 var30:4 var33:0 var32:4 var35:0 var38:0 var40:0 var43:0 var12:10 var26:0 var11:1 var29:11 var1:3 var5:3 var8:4 var0:6 var2:3 var3:1 var4:3 var6:3 var7:3 var9:5 var10:4 var18:0 var15:0
Execute: put-in-pod venus-sand-sample scientific hall-b curator pod2 / SC / d=83

If holds: var31:1 var34:0 var30:4 var32:4 var35:0 var38:0 var40:0 var43:0 var12:10 var26:0 var11:1 var29:11 var1:3 var5:3 var8:4 var0:6 var2:3 var3:1 var4:3 var6:3 var7:3 var9:5 var10:4 var18:0 var15:0
Execute: activate-seal curator / SC / d=84

If holds: var31:1 var34:0 var30:5 var32:4 var35:0 var38:0 var40:0 var43:0 var12:10 var26:0 var11:1 var29:11 var1:3 var5:3 var8:4 var0:6 var2:3 var3:1 var4:3 var6:3 var7:3 var9:5 var10:4 var18:0 var15:0
Execute: try-to-enter-seismic-room curator hall-b maintenance-tunnel / SC / d=85

If holds: var31:1 var34:0 var30:5 var32:4 var35:0 var38:0 var40:0 var43:0 var12:10 var26:0 var11:1 var29:9 var1:3 var5:3 var8:4 var0:6 var2:3 var3:1 var4:3 var6:3 var7:3 var10:4 var18:0 var15:0
Execute: release-artifact-from-pod-slot-1 curator venus-rock-sample maintenance-tunnel pod2 / SC / d=86

If holds: var31:1 var34:0 var30:4 var33:0 var32:4 var35:0 var38:0 var40:0 var43:0 var12:10 var26:0 var11:1 var29:9 var1:3 var5:3 var8:4 var0:6 var2:3 var3:1 var4:3 var6:3 var7:3 var10:4 var18:0 var15:0
Execute: move-to-unpressurized-room curator hall-b maintenance-tunnel / SC / d=87

If holds: var31:1 var34:0 var30:4 var33:0 var32:4 var35:0 var38:0 var40:0 var43:0 var12:10 var26:0 var11:1 var29:11 var1:3 var5:3 var8:4 var0:6 var2:3 var3:1 var4:3 var6:3 var7:3 var9:4 var10:4 var18:0 var15:0
Execute: put-in-pod venus-rock-sample scientific hall-b curator pod2 / SC / d=88

If holds: var31:1 var34:0 var30:4 var32:4 var35:0 var38:0 var40:0 var43:0 var12:10 var26:0 var11:1 var29:11 var1:3 var5:3 var8:4 var0:6 var2:3 var3:1 var4:3 var6:3 var7:3 var9:4 var10:4 var18:0 var15:0
Execute: activate-seal curator / SC / d=89

If holds: var31:1 var34:0 var30:5 var32:4 var35:0 var38:0 var40:0 var43:0 var12:10 var26:0 var11:1 var29:11 var1:3 var5:3 var8:4 var0:6 var2:3 var3:1 var4:3 var6:3 var7:3 var9:4 var10:4 var18:0 var15:0
Execute: try-to-enter-seismic-room curator hall-b maintenance-tunnel / SC / d=90

If holds: var31:1 var34:0 var30:3 var33:0 var32:4 var35:0 var38:0 var40:0 var43:0 var12:10 var26:0 var11:1 var29:11 var1:3 var5:3 var8:4 var0:6 var2:3 var3:1 var4:3 var6:3 var7:3 var9:4 var10:4 var18:0 var15:0
Execute: move-to-unpressurized-room curator hall-a maintenance-tunnel / SC / d=91

If holds: var31:1 var34:0 var30:3 var32:4 var35:0 var38:0 var40:0 var43:0 var12:10 var26:0 var11:1 var29:11 var1:3 var5:3 var8:4 var0:6 var2:3 var3:1 var4:3 var6:3 var7:3 var9:4 var10:4 var18:0 var15:0
Execute: activate-seal curator / SC / d=92

If holds: var31:1 var34:0 var30:3 var32:4 var35:0 var38:0 var40:0 var43:0 var12:10 var26:0 var11:1 var29:5 var1:3 var8:4 var0:6 var2:3 var3:1 var4:3 var6:3 var7:3 var9:4 var10:4 var18:0 var15:0
Execute: release-artifact-from-pod-slot-1 curator mart-sand-sample hall-a pod2 / SC / d=93

If holds: var31:1 var34:0 var30:5 var32:4 var35:0 var38:0 var40:0 var43:0 var12:10 var26:0 var11:1 var29:5 var1:3 var8:4 var0:6 var2:3 var3:1 var4:3 var6:3 var7:3 var9:4 var10:4 var18:0 var15:0
Execute: move-to-pressurized-room curator maintenance-tunnel hall-a / SC / d=94

If holds: var31:1 var34:0 var30:4 var33:0 var32:4 var35:0 var38:0 var40:0 var43:0 var12:10 var26:0 var11:1 var29:5 var1:3 var8:4 var0:6 var2:3 var3:1 var4:3 var6:3 var7:3 var9:4 var10:4 var18:0 var15:0
Execute: move-to-unpressurized-room curator hall-b maintenance-tunnel / SC / d=95

If holds: var31:1 var34:0 var30:4 var33:0 var32:4 var35:0 var38:0 var40:0 var43:0 var12:10 var26:0 var11:1 var29:11 var1:3 var5:4 var8:4 var0:6 var2:3 var3:1 var4:3 var6:3 var7:3 var9:4 var10:4 var18:0 var15:0
Execute: put-in-pod mart-sand-sample scientific hall-b curator pod2 / SC / d=96

If holds: var31:1 var34:0 var30:4 var32:4 var35:0 var38:0 var40:0 var43:0 var12:10 var26:0 var11:1 var29:11 var1:3 var5:4 var8:4 var0:6 var2:3 var3:1 var4:3 var6:3 var7:3 var9:4 var10:4 var18:0 var15:0
Execute: activate-seal curator / SC / d=97

If holds: var31:1 var34:0 var30:5 var32:4 var35:0 var38:0 var40:0 var43:0 var12:10 var26:0 var11:1 var29:11 var1:3 var5:4 var8:4 var0:6 var2:3 var3:1 var4:3 var6:3 var7:3 var9:4 var10:4 var18:0 var15:0
Execute: try-to-enter-seismic-room curator hall-b maintenance-tunnel / SC / d=98

If holds: var31:1 var34:0 var30:1 var33:0 var32:4 var35:0 var38:0 var40:0 var43:0 var12:10 var26:0 var11:1 var29:11 var1:3 var5:4 var8:4 var0:6 var2:3 var3:1 var4:3 var6:3 var7:3 var9:4 var10:4 var18:0 var15:0
Execute: move-to-unpressurized-room curator cryo-chamber maintenance-tunnel / SC / d=99

If holds: var31:1 var34:0 var30:1 var33:0 var32:4 var35:0 var38:0 var40:0 var43:0 var12:10 var26:0 var11:1 var29:3 var1:3 var5:4 var8:4 var0:6 var2:3 var4:3 var6:3 var7:3 var9:4 var10:4 var15:0
Execute: release-artifact-cryo-from-pod-slot-1 curator mart-nord-core-drill cryo-chamber pod2 / SC / d=100

If holds: var31:1 var34:0 var30:1 var32:4 var35:0 var38:0 var40:0 var43:0 var12:10 var26:0 var11:1 var29:3 var1:3 var5:4 var8:4 var0:6 var2:3 var4:3 var6:3 var7:3 var9:4 var10:4 var15:0
Execute: activate-seal curator / SC / d=101

If holds: var31:1 var34:0 var30:5 var32:4 var35:0 var38:0 var40:0 var43:0 var12:10 var26:0 var11:1 var29:3 var1:3 var5:4 var8:4 var0:6 var2:3 var4:3 var6:3 var7:3 var9:4 var10:4 var15:0
Execute: move-to-pressurized-room curator maintenance-tunnel cryo-chamber / SC / d=102

If holds: var31:1 var34:0 var30:5 var32:4 var35:0 var38:0 var40:0 var43:0 var12:10 var26:0 var11:1 var29:11 var1:3 var5:4 var8:4 var0:6 var2:3 var3:5 var4:3 var6:3 var7:3 var9:4 var10:4 var15:0
Execute: put-in-pod mart-nord-core-drill scientific maintenance-tunnel curator pod2 / SC / d=103

If holds: var31:1 var34:0 var30:4 var33:0 var32:4 var35:0 var38:0 var40:0 var43:0 var12:10 var26:0 var11:1 var29:11 var1:3 var5:4 var8:4 var0:6 var2:3 var3:5 var4:3 var6:3 var7:3 var9:4 var10:4 var15:0
Execute: move-to-unpressurized-room curator hall-b maintenance-tunnel / SC / d=104

If holds: var31:1 var30:4 var33:0 var32:4 var35:0 var38:0 var40:0 var43:0 var12:10 var26:0 var11:1 var29:11 var1:3 var5:4 var8:4 var0:6 var2:3 var3:5 var4:3 var6:3 var7:3 var9:4 var10:4 var15:0
Execute: activate-seal scientist / SC / d=105

If holds: var31:0 var30:4 var33:0 var32:4 var35:0 var38:0 var40:0 var43:0 var12:10 var26:0 var11:1 var29:11 var1:3 var5:4 var8:4 var0:6 var2:3 var3:5 var4:3 var6:3 var7:3 var9:4 var10:4 var15:0
Execute: move-to-pressurized-room scientist maintenance-tunnel stasis-lab / SC / d=106

If holds: var31:0 var30:4 var33:0 var32:4 var35:0 var38:0 var40:0 var43:0 var12:4 var26:0 var11:1 var29:11 var1:3 var5:4 var8:4 var0:6 var2:3 var4:3 var6:3 var7:3 var9:4 var10:4 var15:0
Execute: release-artifact-slot-1 scientist mart-nord-core-drill maintenance-tunnel / SC / d=107

If holds: var31:1 var34:0 var30:4 var33:0 var32:4 var35:0 var38:0 var40:0 var43:0 var12:4 var26:0 var11:1 var29:11 var1:3 var5:4 var8:4 var0:6 var2:3 var4:3 var6:3 var7:3 var9:4 var10:4 var15:0
Execute: move-to-unpressurized-room scientist stasis-lab maintenance-tunnel / SC / d=108

If holds: var31:1 var34:0 var30:4 var33:0 var32:4 var35:0 var38:0 var40:0 var43:0 var12:10 var26:0 var11:1 var29:11 var1:3 var5:4 var8:4 var0:6 var2:3 var3:6 var4:3 var6:3 var7:3 var9:4 var10:4 var15:0
Execute: pick-up-slot-1 mart-nord-core-drill scientific stasis-lab scientist / SC / d=109

If holds: var31:1 var34:0 var30:4 var32:4 var35:0 var38:0 var40:0 var43:0 var12:10 var26:0 var11:1 var29:11 var1:3 var5:4 var8:4 var0:6 var2:3 var3:6 var4:3 var6:3 var7:3 var9:4 var10:4 var15:0
Execute: activate-seal curator / SC / d=110

If holds: var31:1 var34:0 var30:5 var32:4 var35:0 var38:0 var40:0 var43:0 var12:10 var26:0 var11:1 var29:11 var1:3 var5:4 var8:4 var0:6 var2:3 var3:6 var4:3 var6:3 var7:3 var9:4 var10:4 var15:0
Execute: try-to-enter-seismic-room curator hall-b maintenance-tunnel / SC / d=111

If holds: var31:1 var34:0 var30:5 var32:4 var35:0 var38:0 var40:0 var43:0 var12:10 var26:0 var14:6 var11:10 var29:11 var1:3 var5:4 var8:4 var0:6 var2:3 var3:6 var4:3 var6:3 var7:3 var9:4 var10:4 var15:0
Execute: pick-up-pod-slot-1 curator maintenance-tunnel pod2 / SC / d=112

If holds: var31:1 var34:0 var30:5 var32:4 var38:0 var40:0 var43:0 var12:10 var26:0 var14:6 var11:10 var29:11 var1:3 var5:4 var8:4 var0:6 var2:3 var3:6 var4:3 var6:3 var7:3 var9:4 var10:4 var15:0
Execute: activate-seal technician / SC / d=113

If holds: var31:1 var34:0 var30:5 var32:4 var38:0 var40:0 var43:0 var12:10 var26:0 var11:1 var29:11 var1:3 var5:4 var8:4 var0:6 var2:3 var3:6 var4:3 var6:3 var7:3 var9:4 var10:4 var15:0
Execute: drop-pod-slot-1 curator pod2 maintenance-tunnel / SC / d=114

If holds: var31:1 var34:0 var30:5 var32:4 var38:0 var40:0 var43:0 var12:4 var26:0 var11:1 var29:11 var1:3 var5:4 var8:4 var0:6 var2:3 var4:3 var6:3 var7:3 var9:4 var10:4 var15:0
Execute: release-artifact-slot-1 scientist mart-nord-core-drill stasis-lab / SC / d=115

If holds: var31:1 var30:5 var32:4 var38:0 var40:0 var43:0 var12:4 var26:0 var11:1 var29:11 var1:3 var5:4 var8:4 var0:6 var2:3 var4:3 var6:3 var7:3 var9:4 var10:4 var15:0
Execute: activate-seal scientist / SC / d=116

If holds: var31:0 var30:5 var32:4 var38:0 var40:0 var43:0 var12:4 var26:0 var11:1 var29:11 var1:3 var5:4 var8:4 var0:6 var2:3 var4:3 var6:3 var7:3 var9:4 var10:4 var15:0
Execute: move-to-pressurized-room scientist maintenance-tunnel stasis-lab / SC / d=117

If holds: var31:0 var30:5 var32:4 var38:0 var40:0 var43:0 var12:10 var26:0 var11:1 var29:11 var1:3 var5:4 var8:4 var0:6 var2:3 var3:5 var4:3 var6:3 var7:3 var9:4 var10:4 var15:0
Execute: pick-up-slot-1 mart-nord-core-drill scientific maintenance-tunnel scientist / SC / d=118

If holds: var31:1 var34:0 var30:5 var32:4 var38:0 var40:0 var43:0 var12:10 var26:0 var11:1 var29:11 var1:3 var5:4 var8:4 var0:6 var2:3 var3:5 var4:3 var6:3 var7:3 var9:4 var10:4 var15:0
Execute: move-to-unpressurized-room scientist stasis-lab maintenance-tunnel / SC / d=119

If holds: var31:1 var34:0 var30:5 var32:4 var38:0 var40:0 var43:0 var12:10 var26:0 var11:1 var29:3 var1:3 var5:4 var8:4 var0:6 var2:3 var4:3 var6:3 var7:3 var9:4 var10:4 var15:0
Execute: release-artifact-from-pod-slot-1 curator mart-nord-core-drill maintenance-tunnel pod2 / SC / d=120

If holds: var31:1 var34:0 var30:3 var33:0 var32:4 var38:0 var40:0 var43:0 var12:10 var26:0 var11:1 var29:3 var1:3 var5:4 var8:4 var0:6 var2:3 var4:3 var6:3 var7:3 var9:4 var10:4 var15:0
Execute: move-to-unpressurized-room curator hall-a maintenance-tunnel / SC / d=121

If holds: var31:1 var34:0 var30:3 var33:0 var32:4 var38:0 var40:0 var43:0 var12:10 var26:0 var11:1 var29:11 var1:3 var5:4 var8:4 var0:6 var2:3 var3:3 var4:3 var6:3 var7:3 var9:4 var10:4 var15:0
Execute: put-in-pod mart-nord-core-drill scientific hall-a curator pod2 / SC / d=122

If holds: var31:1 var34:0 var30:3 var32:4 var38:0 var40:0 var43:0 var12:10 var26:0 var11:1 var29:11 var1:3 var5:4 var8:4 var0:6 var2:3 var3:3 var4:3 var6:3 var7:3 var9:4 var10:4 var15:0
Execute: activate-seal curator / SC / d=123

If holds: var31:1 var34:0 var30:3 var32:4 var38:0 var40:0 var43:0 var12:10 var26:0 var11:1 var29:1 var5:4 var8:4 var0:6 var2:3 var3:3 var4:3 var6:3 var7:3 var9:4 var10:4 var15:0
Execute: release-artifact-from-pod-slot-1 curator mart-laser-gun hall-a pod2 / SC / d=124

If holds: var31:1 var34:0 var30:5 var32:4 var38:0 var40:0 var43:0 var12:10 var26:0 var11:1 var29:1 var5:4 var8:4 var0:6 var2:3 var3:3 var4:3 var6:3 var7:3 var9:4 var10:4 var15:0
Execute: move-to-pressurized-room curator maintenance-tunnel hall-a / SC / d=125

If holds: var31:1 var34:0 var30:4 var33:0 var32:4 var38:0 var40:0 var43:0 var12:10 var26:0 var11:1 var29:1 var5:4 var8:4 var0:6 var2:3 var3:3 var4:3 var6:3 var7:3 var9:4 var10:4 var15:0
Execute: move-to-unpressurized-room curator hall-b maintenance-tunnel / SC / d=126

If holds: var31:1 var34:0 var30:4 var33:0 var32:4 var38:0 var40:0 var43:0 var12:10 var26:0 var11:1 var29:11 var1:4 var5:4 var8:4 var0:6 var2:3 var3:3 var4:3 var6:3 var7:3 var9:4 var10:4 var15:0
Execute: put-in-pod mart-laser-gun top-secret hall-b curator pod2 / SC / d=127

If holds: var31:1 var34:0 var30:4 var32:4 var38:0 var40:0 var43:0 var12:10 var26:0 var11:1 var29:11 var1:4 var5:4 var8:4 var0:6 var2:3 var3:3 var4:3 var6:3 var7:3 var9:4 var10:4 var15:0
Execute: activate-seal curator / SC / d=128

If holds: var31:1 var34:0 var30:5 var32:4 var38:0 var40:0 var43:0 var12:10 var26:0 var11:1 var29:11 var1:4 var5:4 var8:4 var0:6 var2:3 var3:3 var4:3 var6:3 var7:3 var9:4 var10:4 var15:0
Execute: try-to-enter-seismic-room curator hall-b maintenance-tunnel / SC / d=129

If holds: var31:1 var34:0 var30:5 var32:4 var38:0 var40:0 var43:0 var12:2 var26:0 var11:1 var29:11 var1:4 var5:4 var8:4 var2:3 var3:3 var4:3 var6:3 var7:3 var9:4 var10:4 var15:0
Execute: release-artifact-slot-1 scientist mart-east-core-drill stasis-lab / SC / d=130

If holds: var31:1 var30:5 var32:4 var38:0 var40:0 var43:0 var12:2 var26:0 var11:1 var29:11 var1:4 var5:4 var8:4 var2:3 var3:3 var4:3 var6:3 var7:3 var9:4 var10:4 var15:0
Execute: activate-seal scientist / SC / d=131

If holds: var31:0 var30:5 var32:4 var38:0 var40:0 var43:0 var12:2 var26:0 var11:1 var29:11 var1:4 var5:4 var8:4 var2:3 var3:3 var4:3 var6:3 var7:3 var9:4 var10:4 var15:0
Execute: move-to-pressurized-room scientist maintenance-tunnel stasis-lab / SC / d=132

If holds: var31:0 var30:5 var32:4 var38:0 var40:0 var43:0 var12:10 var26:0 var11:1 var29:11 var1:4 var5:4 var8:4 var0:5 var2:3 var3:3 var4:3 var6:3 var7:3 var9:4 var10:4 var15:0
Execute: pick-up-slot-1 mart-east-core-drill scientific maintenance-tunnel scientist / SC / d=133

If holds: var31:0 var30:5 var32:4 var38:0 var40:0 var43:0 var12:10 var26:0 var11:1 var29:0 var1:4 var5:4 var8:4 var2:3 var3:3 var4:3 var6:3 var7:3 var9:4 var10:4 var15:0
Execute: release-artifact-from-pod-slot-1 curator mart-east-core-drill maintenance-tunnel pod2 / SC / d=134

If holds: var31:0 var30:1 var33:0 var32:4 var38:0 var40:0 var43:0 var12:10 var26:0 var11:1 var29:0 var1:4 var5:4 var8:4 var2:3 var3:3 var4:3 var6:3 var7:3 var9:4 var10:4 var15:0
Execute: move-to-unpressurized-room curator cryo-chamber maintenance-tunnel / SC / d=135

If holds: var31:0 var30:1 var33:0 var32:4 var38:0 var40:0 var43:0 var12:10 var26:0 var11:1 var29:11 var1:4 var5:4 var8:4 var0:1 var2:3 var3:3 var4:3 var6:3 var7:3 var9:4 var10:4 var15:0
Execute: put-in-pod mart-east-core-drill scientific cryo-chamber curator pod2 / SC / d=136

If holds: var31:0 var30:1 var33:0 var32:4 var38:0 var40:0 var43:0 var12:10 var26:0 var11:1 var29:0 var1:4 var5:4 var8:4 var2:3 var3:3 var4:3 var6:3 var7:3 var9:4 var10:4
Execute: release-artifact-cryo-from-pod-slot-1 curator mart-east-core-drill cryo-chamber pod2 / SC / d=137

If holds: var31:0 var30:1 var33:0 var32:5 var38:0 var40:0 var43:0 var12:10 var26:0 var11:1 var29:0 var1:4 var5:4 var8:4 var2:3 var3:3 var4:3 var6:3 var7:3 var9:4 var10:4
Execute: try-to-enter-seismic-room technician hall-b maintenance-tunnel / SC / d=138

If holds: var31:0 var30:1 var32:5 var38:0 var40:0 var43:0 var12:10 var26:0 var11:1 var29:0 var1:4 var5:4 var8:4 var2:3 var3:3 var4:3 var6:3 var7:3 var9:4 var10:4
Execute: activate-seal curator / SC / d=139

If holds: var31:0 var30:5 var32:5 var38:0 var40:0 var43:0 var12:10 var26:0 var11:1 var29:0 var1:4 var5:4 var8:4 var2:3 var3:3 var4:3 var6:3 var7:3 var9:4 var10:4
Execute: move-to-pressurized-room curator maintenance-tunnel cryo-chamber / SC / d=140

If holds: var31:0 var30:5 var32:5 var38:0 var40:0 var43:0 var12:10 var26:0 var11:1 var29:11 var1:4 var5:4 var8:4 var0:5 var2:3 var3:3 var4:3 var6:3 var7:3 var9:4 var10:4
Execute: put-in-pod mart-east-core-drill scientific maintenance-tunnel curator pod2 / SC / d=141

If holds: var31:0 var30:5 var32:5 var38:0 var40:0 var43:0 var12:10 var26:0 var14:6 var11:10 var29:11 var1:4 var5:4 var8:4 var0:5 var2:3 var3:3 var4:3 var6:3 var7:3 var9:4 var10:4
Execute: pick-up-pod-slot-1 curator maintenance-tunnel pod2 / SC / d=142

If holds: var31:0 var30:5 var32:5 var38:0 var40:0 var43:0 var12:10 var14:0 var11:10 var29:11 var1:4 var5:4 var8:4 var0:5 var2:3 var3:3 var4:3 var6:3 var7:3 var9:4 var10:4
Execute: drop-pod-slot-1 technician pod2 maintenance-tunnel / SC / d=143

If holds: var31:0 var30:5 var32:0 var35:0 var38:0 var40:0 var43:0 var12:10 var14:0 var11:10 var29:11 var1:4 var5:4 var8:4 var0:5 var2:3 var3:3 var4:3 var6:3 var7:3 var9:4 var10:4
Execute: move-to-unpressurized-room technician anti-vibration-pods-room maintenance-tunnel / SC / d=144

If holds: var31:0 var30:5 var32:0 var38:0 var40:0 var43:0 var12:10 var14:0 var11:10 var29:11 var1:4 var5:4 var8:4 var0:5 var2:3 var3:3 var4:3 var6:3 var7:3 var9:4 var10:4
Execute: activate-seal technician / SC / d=145

If holds: var31:0 var30:5 var32:0 var38:0 var40:0 var43:0 var12:10 var14:0 var11:2 var29:11 var1:4 var5:4 var8:4 var2:3 var3:3 var4:3 var6:3 var7:3 var9:4 var10:4
Execute: release-artifact-slot-1 curator mart-east-core-drill maintenance-tunnel / SC / d=146

If holds: var31:0 var30:5 var32:0 var38:0 var40:0 var43:0 var12:10 var26:0 var14:1 var11:2 var29:11 var1:4 var5:4 var8:4 var2:3 var3:3 var4:3 var6:3 var7:3 var9:4 var10:4
Execute: pick-up-pod-slot-1 technician anti-vibration-pods-room pod2 / SC / d=147

If holds: var31:0 var30:5 var32:5 var38:0 var40:0 var43:0 var12:10 var26:0 var14:1 var11:2 var29:11 var1:4 var5:4 var8:4 var2:3 var3:3 var4:3 var6:3 var7:3 var9:4 var10:4
Execute: move-to-pressurized-room technician maintenance-tunnel anti-vibration-pods-room / SC / d=148

If holds: var31:0 var30:5 var32:4 var35:0 var38:0 var40:0 var43:0 var12:10 var26:0 var14:1 var11:2 var29:11 var1:4 var5:4 var8:4 var2:3 var3:3 var4:3 var6:3 var7:3 var9:4 var10:4
Execute: move-to-unpressurized-room technician hall-b maintenance-tunnel / SC / d=149

If holds: var31:0 var30:3 var33:0 var32:4 var35:0 var38:0 var40:0 var43:0 var12:10 var26:0 var14:1 var11:2 var29:11 var1:4 var5:4 var8:4 var2:3 var3:3 var4:3 var6:3 var7:3 var9:4 var10:4
Execute: move-to-unpressurized-room curator hall-a maintenance-tunnel / SC / d=150

If holds: var31:0 var30:3 var33:0 var32:4 var35:0 var38:0 var40:0 var43:0 var12:10 var26:0 var14:1 var11:10 var29:11 var1:4 var5:4 var8:4 var0:3 var2:3 var3:3 var4:3 var6:3 var7:3 var9:4 var10:4
Execute: pick-up-slot-1 mart-east-core-drill scientific hall-a curator / SC / d=151

If holds: var31:0 var30:3 var32:4 var35:0 var38:0 var40:0 var43:0 var12:10 var26:0 var14:1 var11:10 var29:11 var1:4 var5:4 var8:4 var0:3 var2:3 var3:3 var4:3 var6:3 var7:3 var9:4 var10:4
Execute: activate-seal curator / SC / d=152

If holds: var31:0 var30:5 var32:4 var35:0 var38:0 var40:0 var43:0 var12:10 var26:0 var14:1 var11:10 var29:11 var1:4 var5:4 var8:4 var0:3 var2:3 var3:3 var4:3 var6:3 var7:3 var9:4 var10:4
Execute: move-to-pressurized-room curator maintenance-tunnel hall-a / SC / d=153

If holds: var31:0 var30:5 var32:4 var38:0 var40:0 var43:0 var12:10 var26:0 var14:1 var11:10 var29:11 var1:4 var5:4 var8:4 var0:3 var2:3 var3:3 var4:3 var6:3 var7:3 var9:4 var10:4
Execute: activate-seal technician / SC / d=154

If holds: var31:0 var30:5 var32:5 var38:0 var40:0 var43:0 var12:10 var26:0 var14:1 var11:10 var29:11 var1:4 var5:4 var8:4 var0:3 var2:3 var3:3 var4:3 var6:3 var7:3 var9:4 var10:4
Execute: try-to-enter-seismic-room technician hall-b maintenance-tunnel / SC / d=155

If holds: var31:1 var34:0 var30:5 var32:5 var38:0 var40:0 var43:0 var12:10 var26:0 var14:1 var11:10 var29:11 var1:4 var5:4 var8:4 var0:3 var2:3 var3:3 var4:3 var6:3 var7:3 var9:4 var10:4
Execute: move-to-unpressurized-room scientist stasis-lab maintenance-tunnel / SC / d=156

If holds: var31:1 var34:0 var30:5 var32:2 var35:0 var38:0 var40:0 var43:0 var12:10 var26:0 var14:1 var11:10 var29:11 var1:4 var5:4 var8:4 var0:3 var2:3 var3:3 var4:3 var6:3 var7:3 var9:4 var10:4
Execute: move-to-unpressurized-room technician entrance maintenance-tunnel / SC / d=157

If holds: var31:1 var34:0 var30:5 var32:2 var38:0 var40:0 var43:0 var12:10 var26:0 var14:1 var11:10 var29:11 var1:4 var5:4 var8:4 var0:3 var2:3 var3:3 var4:3 var6:3 var7:3 var9:4 var10:4
Execute: activate-seal technician / SC / d=158

If holds: var31:1 var30:5 var32:2 var38:0 var40:0 var43:0 var12:10 var26:0 var14:1 var11:10 var29:11 var1:4 var5:4 var8:4 var0:3 var2:3 var3:3 var4:3 var6:3 var7:3 var9:4 var10:4
Execute: activate-seal scientist / SC / d=159

If holds: var31:1 var30:2 var33:0 var32:2 var38:0 var40:0 var43:0 var12:10 var26:0 var14:1 var11:10 var29:11 var1:4 var5:4 var8:4 var0:3 var2:3 var3:3 var4:3 var6:3 var7:3 var9:4 var10:4
Execute: move-to-unpressurized-room curator entrance maintenance-tunnel / SC / d=160

If holds: var31:1 var30:2 var32:2 var38:0 var40:0 var43:0 var12:10 var26:0 var14:1 var11:10 var29:11 var1:4 var5:4 var8:4 var0:3 var2:3 var3:3 var4:3 var6:3 var7:3 var9:4 var10:4
Execute: activate-seal curator / SC / d=161
