[0.072s] Invoking command in '/plansys2_ws/build/museum': /usr/bin/cmake /plansys2_ws/museum -DAMENT_CMAKE_SYMLINK_INSTALL=1 -DCMAKE_INSTALL_PREFIX=/plansys2_ws/install/museum
[0.252s] [31mCMake Error at CMakeLists.txt:5 (find_package):
[0.252s]   By not providing "Findament_cmake.cmake" in CMAKE_MODULE_PATH this project
[0.252s]   has asked CMake to find a package configuration file provided by
[0.252s]   "ament_cmake", but CMake did not find one.
[0.255s] 
[0.257s]   Could not find a package configuration file provided by "ament_cmake" with
[0.257s]   any of the following names:
[0.258s] 
[0.260s]     ament_cmakeConfig.cmake
[0.268s]     ament_cmake-config.cmake
[0.269s] 
[0.270s]   Add the installation prefix of "ament_cmake" to CMAKE_PREFIX_PATH or set
[0.285s]   "ament_cmake_DIR" to a directory containing one of the above files.  If
[0.285s]   "ament_cmake" provides a separate development package or SDK, be sure it
[0.285s]   has been installed.
[0.288s] 
[0.291s] [0m
[0.299s] -- Configuring incomplete, errors occurred!
[0.299s] See also "/plansys2_ws/build/museum/CMakeFiles/CMakeOutput.log".
[0.302s] Invoked command in '/plansys2_ws/build/museum' returned '1': /usr/bin/cmake /plansys2_ws/museum -DAMENT_CMAKE_SYMLINK_INSTALL=1 -DCMAKE_INSTALL_PREFIX=/plansys2_ws/install/museum
