
If holds: var0:3 var1:1 var2:6 var3:3 var4:1 var5:6 var6:1 var7:3 var8:3 var9:6 var10:6 var11:3 var12:3 var24:0 var23:0 var19:0 var16:0
Execute: goal / SC / d=0

If holds: var34:6 var13:6 var0:3 var1:1 var2:6 var3:3 var4:1 var5:6 var6:1 var7:3 var8:3 var9:6 var11:3 var12:3 var24:0 var23:0 var19:0 var16:0
Execute: release-artifact curator mart-west-core-drill stasis-lab / SC / d=1

If holds: var34:5 var13:6 var0:3 var1:1 var2:6 var3:3 var4:1 var5:6 var6:1 var7:3 var8:3 var9:6 var11:3 var12:3 var24:0 var23:0 var19:0 var16:0
Execute: move-to-pressurized-room curator maintenance-tunnel stasis-lab / SC / d=2

If holds: var34:1 var36:0 var13:6 var0:3 var1:1 var2:6 var3:3 var4:1 var5:6 var6:1 var7:3 var8:3 var9:6 var11:3 var12:3 var24:0 var23:0 var19:0 var16:0
Execute: move-to-unpressurized-room curator cryo-chamber maintenance-tunnel / SC / d=3

If holds: var34:1 var36:0 var13:11 var0:3 var1:1 var2:6 var3:3 var4:1 var5:6 var6:1 var7:3 var8:3 var9:6 var10:1 var11:3 var12:3 var24:0 var23:0 var19:0 var16:0
Execute: pick-up-artifact-standard mart-west-core-drill cryo-chamber curator / SC / d=4

If holds: var34:1 var36:0 var13:6 var0:3 var1:1 var2:6 var3:3 var4:1 var5:6 var6:1 var7:3 var8:3 var9:6 var11:3 var12:3 var23:0 var19:0 var16:0
Execute: release-artifact-in-cryo curator mart-west-core-drill cryo-chamber / SC / d=5

If holds: var34:1 var35:0 var13:6 var0:3 var1:1 var2:6 var3:3 var4:1 var5:6 var6:1 var7:3 var8:3 var9:6 var11:3 var12:3 var23:0 var19:0 var16:0
Execute: activate-seal curator / SC / d=6

If holds: var34:5 var13:6 var0:3 var1:1 var2:6 var3:3 var4:1 var5:6 var6:1 var7:3 var8:3 var9:6 var11:3 var12:3 var23:0 var19:0 var16:0
Execute: move-to-pressurized-room curator maintenance-tunnel cryo-chamber / SC / d=7

If holds: var34:3 var36:0 var13:6 var0:3 var1:1 var2:6 var3:3 var4:1 var5:6 var6:1 var7:3 var8:3 var9:6 var11:3 var12:3 var23:0 var19:0 var16:0
Execute: move-to-unpressurized-room curator hall-a maintenance-tunnel / SC / d=8

If holds: var34:3 var36:0 var13:11 var0:3 var1:1 var2:6 var3:3 var4:1 var5:6 var6:1 var7:3 var8:3 var9:6 var10:3 var11:3 var12:3 var23:0 var19:0 var16:0
Execute: pick-up-artifact-standard mart-west-core-drill hall-a curator / SC / d=9

If holds: var34:3 var35:0 var13:11 var0:3 var1:1 var2:6 var3:3 var4:1 var5:6 var6:1 var7:3 var8:3 var9:6 var10:3 var11:3 var12:3 var23:0 var19:0 var16:0
Execute: activate-seal curator / SC / d=10

If holds: var34:5 var13:11 var0:3 var1:1 var2:6 var3:3 var4:1 var5:6 var6:1 var7:3 var8:3 var9:6 var10:3 var11:3 var12:3 var23:0 var19:0 var16:0
Execute: move-to-pressurized-room curator maintenance-tunnel hall-a / SC / d=11

If holds: var34:6 var36:0 var13:11 var0:3 var1:1 var2:6 var3:3 var4:1 var5:6 var6:1 var7:3 var8:3 var9:6 var10:3 var11:3 var12:3 var23:0 var19:0 var16:0
Execute: move-to-unpressurized-room curator stasis-lab maintenance-tunnel / SC / d=12

If holds: var34:6 var35:0 var13:11 var0:3 var1:1 var2:6 var3:3 var4:1 var5:6 var6:1 var7:3 var8:3 var9:6 var10:3 var11:3 var12:3 var23:0 var19:0 var16:0
Execute: activate-seal curator / SC / d=13

If holds: var34:6 var35:0 var13:5 var0:3 var1:1 var2:6 var3:3 var4:1 var5:6 var6:1 var7:3 var8:3 var10:3 var11:3 var12:3 var23:0 var19:0 var16:0
Execute: release-artifact curator mart-sud-core-drill stasis-lab / SC / d=14

If holds: var34:5 var13:5 var0:3 var1:1 var2:6 var3:3 var4:1 var5:6 var6:1 var7:3 var8:3 var10:3 var11:3 var12:3 var23:0 var19:0 var16:0
Execute: move-to-pressurized-room curator maintenance-tunnel stasis-lab / SC / d=15

If holds: var34:1 var36:0 var13:5 var0:3 var1:1 var2:6 var3:3 var4:1 var5:6 var6:1 var7:3 var8:3 var10:3 var11:3 var12:3 var23:0 var19:0 var16:0
Execute: move-to-unpressurized-room curator cryo-chamber maintenance-tunnel / SC / d=16

If holds: var34:1 var36:0 var13:11 var0:3 var1:1 var2:6 var3:3 var4:1 var5:6 var6:1 var7:3 var8:3 var9:1 var10:3 var11:3 var12:3 var23:0 var19:0 var16:0
Execute: pick-up-artifact-standard mart-sud-core-drill cryo-chamber curator / SC / d=17

If holds: var34:1 var36:0 var13:5 var0:3 var1:1 var2:6 var3:3 var4:1 var5:6 var6:1 var7:3 var8:3 var10:3 var11:3 var12:3 var19:0 var16:0
Execute: release-artifact-in-cryo curator mart-sud-core-drill cryo-chamber / SC / d=18

If holds: var34:1 var35:0 var13:5 var0:3 var1:1 var2:6 var3:3 var4:1 var5:6 var6:1 var7:3 var8:3 var10:3 var11:3 var12:3 var19:0 var16:0
Execute: activate-seal curator / SC / d=19

If holds: var34:5 var13:5 var0:3 var1:1 var2:6 var3:3 var4:1 var5:6 var6:1 var7:3 var8:3 var10:3 var11:3 var12:3 var19:0 var16:0
Execute: move-to-pressurized-room curator maintenance-tunnel cryo-chamber / SC / d=20

If holds: var34:3 var36:0 var13:5 var0:3 var1:1 var2:6 var3:3 var4:1 var5:6 var6:1 var7:3 var8:3 var10:3 var11:3 var12:3 var19:0 var16:0
Execute: move-to-unpressurized-room curator hall-a maintenance-tunnel / SC / d=21

If holds: var34:3 var36:0 var13:11 var0:3 var1:1 var2:6 var3:3 var4:1 var5:6 var6:1 var7:3 var8:3 var9:3 var10:3 var11:3 var12:3 var19:0 var16:0
Execute: pick-up-artifact-standard mart-sud-core-drill hall-a curator / SC / d=22

If holds: var34:3 var35:0 var13:11 var0:3 var1:1 var2:6 var3:3 var4:1 var5:6 var6:1 var7:3 var8:3 var9:3 var10:3 var11:3 var12:3 var19:0 var16:0
Execute: activate-seal curator / SC / d=23

If holds: var34:5 var13:11 var0:3 var1:1 var2:6 var3:3 var4:1 var5:6 var6:1 var7:3 var8:3 var9:3 var10:3 var11:3 var12:3 var19:0 var16:0
Execute: move-to-pressurized-room curator maintenance-tunnel hall-a / SC / d=24

If holds: var34:1 var36:0 var13:11 var0:3 var1:1 var2:6 var3:3 var4:1 var5:6 var6:1 var7:3 var8:3 var9:3 var10:3 var11:3 var12:3 var19:0 var16:0
Execute: move-to-unpressurized-room curator cryo-chamber maintenance-tunnel / SC / d=25

If holds: var34:1 var35:0 var13:11 var0:3 var1:1 var2:6 var3:3 var4:1 var5:6 var6:1 var7:3 var8:3 var9:3 var10:3 var11:3 var12:3 var19:0 var16:0
Execute: activate-seal curator / SC / d=26

If holds: var34:1 var35:0 var13:4 var0:3 var1:1 var2:6 var3:3 var4:1 var5:6 var7:3 var8:3 var9:3 var10:3 var11:3 var12:3 var19:0 var16:0
Execute: release-artifact-in-cryo curator mart-north-pole-ice-sample cryo-chamber / SC / d=27

If holds: var34:5 var13:4 var0:3 var1:1 var2:6 var3:3 var4:1 var5:6 var7:3 var8:3 var9:3 var10:3 var11:3 var12:3 var19:0 var16:0
Execute: move-to-pressurized-room curator maintenance-tunnel cryo-chamber / SC / d=28

If holds: var34:3 var36:0 var13:4 var0:3 var1:1 var2:6 var3:3 var4:1 var5:6 var7:3 var8:3 var9:3 var10:3 var11:3 var12:3 var19:0 var16:0
Execute: move-to-unpressurized-room curator hall-a maintenance-tunnel / SC / d=29

If holds: var34:3 var36:0 var13:11 var0:3 var1:1 var2:6 var3:3 var4:1 var5:6 var6:3 var7:3 var8:3 var9:3 var10:3 var11:3 var12:3 var19:0 var16:0
Execute: pick-up-artifact-standard mart-north-pole-ice-sample hall-a curator / SC / d=30

If holds: var34:3 var35:0 var13:11 var0:3 var1:1 var2:6 var3:3 var4:1 var5:6 var6:3 var7:3 var8:3 var9:3 var10:3 var11:3 var12:3 var19:0 var16:0
Execute: activate-seal curator / SC / d=31

If holds: var34:5 var13:11 var0:3 var1:1 var2:6 var3:3 var4:1 var5:6 var6:3 var7:3 var8:3 var9:3 var10:3 var11:3 var12:3 var19:0 var16:0
Execute: move-to-pressurized-room curator maintenance-tunnel hall-a / SC / d=32

If holds: var34:6 var36:0 var13:11 var0:3 var1:1 var2:6 var3:3 var4:1 var5:6 var6:3 var7:3 var8:3 var9:3 var10:3 var11:3 var12:3 var19:0 var16:0
Execute: move-to-unpressurized-room curator stasis-lab maintenance-tunnel / SC / d=33

If holds: var34:6 var35:0 var13:11 var0:3 var1:1 var2:6 var3:3 var4:1 var5:6 var6:3 var7:3 var8:3 var9:3 var10:3 var11:3 var12:3 var19:0 var16:0
Execute: activate-seal curator / SC / d=34

If holds: var34:6 var35:0 var13:3 var0:3 var1:1 var2:6 var3:3 var4:1 var6:3 var7:3 var8:3 var9:3 var10:3 var11:3 var12:3 var19:0 var16:0
Execute: release-artifact curator mart-nord-core-drill stasis-lab / SC / d=35

If holds: var34:5 var13:3 var0:3 var1:1 var2:6 var3:3 var4:1 var6:3 var7:3 var8:3 var9:3 var10:3 var11:3 var12:3 var19:0 var16:0
Execute: move-to-pressurized-room curator maintenance-tunnel stasis-lab / SC / d=36

If holds: var34:1 var36:0 var13:3 var0:3 var1:1 var2:6 var3:3 var4:1 var6:3 var7:3 var8:3 var9:3 var10:3 var11:3 var12:3 var19:0 var16:0
Execute: move-to-unpressurized-room curator cryo-chamber maintenance-tunnel / SC / d=37

If holds: var34:1 var36:0 var13:11 var0:3 var1:1 var2:6 var3:3 var4:1 var5:1 var6:3 var7:3 var8:3 var9:3 var10:3 var11:3 var12:3 var19:0 var16:0
Execute: pick-up-artifact-standard mart-nord-core-drill cryo-chamber curator / SC / d=38

If holds: var34:1 var36:0 var13:3 var0:3 var1:1 var2:6 var3:3 var4:1 var6:3 var7:3 var8:3 var9:3 var10:3 var11:3 var12:3 var16:0
Execute: release-artifact-in-cryo curator mart-nord-core-drill cryo-chamber / SC / d=39

If holds: var34:1 var35:0 var13:3 var0:3 var1:1 var2:6 var3:3 var4:1 var6:3 var7:3 var8:3 var9:3 var10:3 var11:3 var12:3 var16:0
Execute: activate-seal curator / SC / d=40

If holds: var34:5 var13:3 var0:3 var1:1 var2:6 var3:3 var4:1 var6:3 var7:3 var8:3 var9:3 var10:3 var11:3 var12:3 var16:0
Execute: move-to-pressurized-room curator maintenance-tunnel cryo-chamber / SC / d=41

If holds: var34:3 var36:0 var13:3 var0:3 var1:1 var2:6 var3:3 var4:1 var6:3 var7:3 var8:3 var9:3 var10:3 var11:3 var12:3 var16:0
Execute: move-to-unpressurized-room curator hall-a maintenance-tunnel / SC / d=42

If holds: var34:3 var36:0 var13:11 var0:3 var1:1 var2:6 var3:3 var4:1 var5:3 var6:3 var7:3 var8:3 var9:3 var10:3 var11:3 var12:3 var16:0
Execute: pick-up-artifact-standard mart-nord-core-drill hall-a curator / SC / d=43

If holds: var34:3 var35:0 var13:11 var0:3 var1:1 var2:6 var3:3 var4:1 var5:3 var6:3 var7:3 var8:3 var9:3 var10:3 var11:3 var12:3 var16:0
Execute: activate-seal curator / SC / d=44

If holds: var34:5 var13:11 var0:3 var1:1 var2:6 var3:3 var4:1 var5:3 var6:3 var7:3 var8:3 var9:3 var10:3 var11:3 var12:3 var16:0
Execute: move-to-pressurized-room curator maintenance-tunnel hall-a / SC / d=45

If holds: var34:1 var36:0 var13:11 var0:3 var1:1 var2:6 var3:3 var4:1 var5:3 var6:3 var7:3 var8:3 var9:3 var10:3 var11:3 var12:3 var16:0
Execute: move-to-unpressurized-room curator cryo-chamber maintenance-tunnel / SC / d=46

If holds: var34:1 var35:0 var13:11 var0:3 var1:1 var2:6 var3:3 var4:1 var5:3 var6:3 var7:3 var8:3 var9:3 var10:3 var11:3 var12:3 var16:0
Execute: activate-seal curator / SC / d=47

If holds: var34:1 var35:0 var13:2 var0:3 var1:1 var2:6 var3:3 var5:3 var6:3 var7:3 var8:3 var9:3 var10:3 var11:3 var12:3 var16:0
Execute: release-artifact-in-cryo curator mart-mysterious-egg cryo-chamber / SC / d=48

If holds: var34:5 var13:2 var0:3 var1:1 var2:6 var3:3 var5:3 var6:3 var7:3 var8:3 var9:3 var10:3 var11:3 var12:3 var16:0
Execute: move-to-pressurized-room curator maintenance-tunnel cryo-chamber / SC / d=49

If holds: var34:3 var36:0 var13:2 var0:3 var1:1 var2:6 var3:3 var5:3 var6:3 var7:3 var8:3 var9:3 var10:3 var11:3 var12:3 var16:0
Execute: move-to-unpressurized-room curator hall-a maintenance-tunnel / SC / d=50

If holds: var34:3 var36:0 var13:11 var0:3 var1:1 var2:6 var3:3 var4:3 var5:3 var6:3 var7:3 var8:3 var9:3 var10:3 var11:3 var12:3 var16:0
Execute: pick-up-artifact-standard mart-mysterious-egg hall-a curator / SC / d=51

If holds: var34:3 var35:0 var13:11 var0:3 var1:1 var2:6 var3:3 var4:3 var5:3 var6:3 var7:3 var8:3 var9:3 var10:3 var11:3 var12:3 var16:0
Execute: activate-seal curator / SC / d=52

If holds: var34:5 var13:11 var0:3 var1:1 var2:6 var3:3 var4:3 var5:3 var6:3 var7:3 var8:3 var9:3 var10:3 var11:3 var12:3 var16:0
Execute: move-to-pressurized-room curator maintenance-tunnel hall-a / SC / d=53

If holds: var34:6 var36:0 var13:11 var0:3 var1:1 var2:6 var3:3 var4:3 var5:3 var6:3 var7:3 var8:3 var9:3 var10:3 var11:3 var12:3 var16:0
Execute: move-to-unpressurized-room curator stasis-lab maintenance-tunnel / SC / d=54

If holds: var34:6 var35:0 var13:11 var0:3 var1:1 var2:6 var3:3 var4:3 var5:3 var6:3 var7:3 var8:3 var9:3 var10:3 var11:3 var12:3 var16:0
Execute: activate-seal curator / SC / d=55

If holds: var34:6 var35:0 var13:1 var0:3 var1:1 var3:3 var4:3 var5:3 var6:3 var7:3 var8:3 var9:3 var10:3 var11:3 var12:3 var16:0
Execute: release-artifact curator mart-east-core-drill stasis-lab / SC / d=56

If holds: var34:5 var13:1 var0:3 var1:1 var3:3 var4:3 var5:3 var6:3 var7:3 var8:3 var9:3 var10:3 var11:3 var12:3 var16:0
Execute: move-to-pressurized-room curator maintenance-tunnel stasis-lab / SC / d=57

If holds: var34:1 var36:0 var13:1 var0:3 var1:1 var3:3 var4:3 var5:3 var6:3 var7:3 var8:3 var9:3 var10:3 var11:3 var12:3 var16:0
Execute: move-to-unpressurized-room curator cryo-chamber maintenance-tunnel / SC / d=58

If holds: var34:1 var36:0 var13:11 var0:3 var1:1 var2:1 var3:3 var4:3 var5:3 var6:3 var7:3 var8:3 var9:3 var10:3 var11:3 var12:3 var16:0
Execute: pick-up-artifact-standard mart-east-core-drill cryo-chamber curator / SC / d=59

If holds: var34:1 var36:0 var13:1 var0:3 var1:1 var3:3 var4:3 var5:3 var6:3 var7:3 var8:3 var9:3 var10:3 var11:3 var12:3
Execute: release-artifact-in-cryo curator mart-east-core-drill cryo-chamber / SC / d=60

If holds: var34:1 var35:0 var13:1 var0:3 var1:1 var3:3 var4:3 var5:3 var6:3 var7:3 var8:3 var9:3 var10:3 var11:3 var12:3
Execute: activate-seal curator / SC / d=61

If holds: var34:5 var13:1 var0:3 var1:1 var3:3 var4:3 var5:3 var6:3 var7:3 var8:3 var9:3 var10:3 var11:3 var12:3
Execute: move-to-pressurized-room curator maintenance-tunnel cryo-chamber / SC / d=62

If holds: var34:3 var36:0 var13:1 var0:3 var1:1 var3:3 var4:3 var5:3 var6:3 var7:3 var8:3 var9:3 var10:3 var11:3 var12:3
Execute: move-to-unpressurized-room curator hall-a maintenance-tunnel / SC / d=63

If holds: var34:3 var36:0 var13:11 var0:3 var1:1 var2:3 var3:3 var4:3 var5:3 var6:3 var7:3 var8:3 var9:3 var10:3 var11:3 var12:3
Execute: pick-up-artifact-standard mart-east-core-drill hall-a curator / SC / d=64

If holds: var34:3 var35:0 var13:11 var0:3 var1:1 var2:3 var3:3 var4:3 var5:3 var6:3 var7:3 var8:3 var9:3 var10:3 var11:3 var12:3
Execute: activate-seal curator / SC / d=65

If holds: var34:5 var13:11 var0:3 var1:1 var2:3 var3:3 var4:3 var5:3 var6:3 var7:3 var8:3 var9:3 var10:3 var11:3 var12:3
Execute: move-to-pressurized-room curator maintenance-tunnel hall-a / SC / d=66

If holds: var34:1 var36:0 var13:11 var0:3 var1:1 var2:3 var3:3 var4:3 var5:3 var6:3 var7:3 var8:3 var9:3 var10:3 var11:3 var12:3
Execute: move-to-unpressurized-room curator cryo-chamber maintenance-tunnel / SC / d=67

If holds: var34:1 var35:0 var13:11 var0:3 var1:1 var2:3 var3:3 var4:3 var5:3 var6:3 var7:3 var8:3 var9:3 var10:3 var11:3 var12:3
Execute: activate-seal curator / SC / d=68

If holds: var34:1 var35:0 var13:0 var0:3 var2:3 var3:3 var4:3 var5:3 var6:3 var7:3 var8:3 var9:3 var10:3 var11:3 var12:3
Execute: release-artifact-in-cryo curator asteroid-mg04tn-ice-sample cryo-chamber / SC / d=69

If holds: var34:5 var13:0 var0:3 var2:3 var3:3 var4:3 var5:3 var6:3 var7:3 var8:3 var9:3 var10:3 var11:3 var12:3
Execute: move-to-pressurized-room curator maintenance-tunnel cryo-chamber / SC / d=70

If holds: var34:3 var36:0 var13:0 var0:3 var2:3 var3:3 var4:3 var5:3 var6:3 var7:3 var8:3 var9:3 var10:3 var11:3 var12:3
Execute: move-to-unpressurized-room curator hall-a maintenance-tunnel / SC / d=71

If holds: var34:3 var36:0 var13:11 var0:3 var1:3 var2:3 var3:3 var4:3 var5:3 var6:3 var7:3 var8:3 var9:3 var10:3 var11:3 var12:3
Execute: pick-up-artifact-standard asteroid-mg04tn-ice-sample hall-a curator / SC / d=72

If holds: var34:3 var36:0 var31:13 var13:8 var0:3 var1:3 var2:3 var3:3 var4:3 var5:3 var6:3 var7:3 var8:3 var9:3 var10:3 var11:3 var12:3
Execute: drop-empty-pod curator pod2 hall-a / SC / d=73

If holds: var34:3 var36:0 var31:12 var13:10 var0:3 var1:3 var2:3 var3:3 var4:3 var5:3 var6:3 var7:3 var8:3 var9:3 var10:3 var11:3
Execute: release-artifact-from-pod curator venus-sand-sample hall-a pod2 / SC / d=74

If holds: var34:3 var35:0 var31:12 var13:10 var0:3 var1:3 var2:3 var3:3 var4:3 var5:3 var6:3 var7:3 var8:3 var9:3 var10:3 var11:3
Execute: activate-seal curator / SC / d=75

If holds: var34:5 var31:12 var13:10 var0:3 var1:3 var2:3 var3:3 var4:3 var5:3 var6:3 var7:3 var8:3 var9:3 var10:3 var11:3
Execute: move-to-pressurized-room curator maintenance-tunnel hall-a / SC / d=76

If holds: var34:4 var36:0 var31:12 var13:10 var0:3 var1:3 var2:3 var3:3 var4:3 var5:3 var6:3 var7:3 var8:3 var9:3 var10:3 var11:3
Execute: move-to-unpressurized-room curator hall-b maintenance-tunnel / SC / d=77

If holds: var34:4 var36:0 var31:13 var13:8 var0:3 var1:3 var2:3 var3:3 var4:3 var5:3 var6:3 var7:3 var8:3 var9:3 var10:3 var11:3 var12:4
Execute: put-in-pod venus-sand-sample hall-b curator pod2 / SC / d=78

If holds: var34:4 var35:0 var31:13 var13:8 var0:3 var1:3 var2:3 var3:3 var4:3 var5:3 var6:3 var7:3 var8:3 var9:3 var10:3 var11:3 var12:4
Execute: activate-seal curator / SC / d=79

If holds: var34:5 var31:13 var13:8 var0:3 var1:3 var2:3 var3:3 var4:3 var5:3 var6:3 var7:3 var8:3 var9:3 var10:3 var11:3 var12:4
Execute: try-to-enter-seismic-room curator hall-b maintenance-tunnel / SC / d=80

If holds: var34:3 var36:0 var31:13 var13:8 var0:3 var1:3 var2:3 var3:3 var4:3 var5:3 var6:3 var7:3 var8:3 var9:3 var10:3 var11:3 var12:4
Execute: move-to-unpressurized-room curator hall-a maintenance-tunnel / SC / d=81

If holds: var34:3 var36:0 var31:11 var13:10 var0:3 var1:3 var2:3 var3:3 var4:3 var5:3 var6:3 var7:3 var8:3 var9:3 var10:3 var12:4
Execute: release-artifact-from-pod curator venus-rock-sample hall-a pod2 / SC / d=82

If holds: var34:3 var35:0 var31:11 var13:10 var0:3 var1:3 var2:3 var3:3 var4:3 var5:3 var6:3 var7:3 var8:3 var9:3 var10:3 var12:4
Execute: activate-seal curator / SC / d=83

If holds: var34:5 var31:11 var13:10 var0:3 var1:3 var2:3 var3:3 var4:3 var5:3 var6:3 var7:3 var8:3 var9:3 var10:3 var12:4
Execute: move-to-pressurized-room curator maintenance-tunnel hall-a / SC / d=84

If holds: var34:4 var36:0 var31:11 var13:10 var0:3 var1:3 var2:3 var3:3 var4:3 var5:3 var6:3 var7:3 var8:3 var9:3 var10:3 var12:4
Execute: move-to-unpressurized-room curator hall-b maintenance-tunnel / SC / d=85

If holds: var34:4 var36:0 var31:13 var13:8 var0:3 var1:3 var2:3 var3:3 var4:3 var5:3 var6:3 var7:3 var8:3 var9:3 var10:3 var11:4 var12:4
Execute: put-in-pod venus-rock-sample hall-b curator pod2 / SC / d=86

If holds: var34:4 var35:0 var31:13 var13:8 var0:3 var1:3 var2:3 var3:3 var4:3 var5:3 var6:3 var7:3 var8:3 var9:3 var10:3 var11:4 var12:4
Execute: activate-seal curator / SC / d=87

If holds: var34:5 var31:13 var13:8 var0:3 var1:3 var2:3 var3:3 var4:3 var5:3 var6:3 var7:3 var8:3 var9:3 var10:3 var11:4 var12:4
Execute: try-to-enter-seismic-room curator hall-b maintenance-tunnel / SC / d=88

If holds: var34:3 var36:0 var31:13 var13:8 var0:3 var1:3 var2:3 var3:3 var4:3 var5:3 var6:3 var7:3 var8:3 var9:3 var10:3 var11:4 var12:4
Execute: move-to-unpressurized-room curator hall-a maintenance-tunnel / SC / d=89

If holds: var34:3 var36:0 var31:8 var13:10 var0:3 var1:3 var2:3 var3:3 var4:3 var5:3 var6:3 var7:3 var9:3 var10:3 var11:4 var12:4
Execute: release-artifact-from-pod curator mart-sand-sample hall-a pod2 / SC / d=90

If holds: var34:3 var35:0 var31:8 var13:10 var0:3 var1:3 var2:3 var3:3 var4:3 var5:3 var6:3 var7:3 var9:3 var10:3 var11:4 var12:4
Execute: activate-seal curator / SC / d=91

If holds: var34:5 var31:8 var13:10 var0:3 var1:3 var2:3 var3:3 var4:3 var5:3 var6:3 var7:3 var9:3 var10:3 var11:4 var12:4
Execute: move-to-pressurized-room curator maintenance-tunnel hall-a / SC / d=92

If holds: var34:4 var36:0 var31:8 var13:10 var0:3 var1:3 var2:3 var3:3 var4:3 var5:3 var6:3 var7:3 var9:3 var10:3 var11:4 var12:4
Execute: move-to-unpressurized-room curator hall-b maintenance-tunnel / SC / d=93

If holds: var34:4 var36:0 var31:13 var13:8 var0:3 var1:3 var2:3 var3:3 var4:3 var5:3 var6:3 var7:3 var8:4 var9:3 var10:3 var11:4 var12:4
Execute: put-in-pod mart-sand-sample hall-b curator pod2 / SC / d=94

If holds: var34:4 var35:0 var31:13 var13:8 var0:3 var1:3 var2:3 var3:3 var4:3 var5:3 var6:3 var7:3 var8:4 var9:3 var10:3 var11:4 var12:4
Execute: activate-seal curator / SC / d=95

If holds: var34:5 var31:13 var13:8 var0:3 var1:3 var2:3 var3:3 var4:3 var5:3 var6:3 var7:3 var8:4 var9:3 var10:3 var11:4 var12:4
Execute: try-to-enter-seismic-room curator hall-b maintenance-tunnel / SC / d=96

If holds: var34:3 var36:0 var31:13 var13:8 var0:3 var1:3 var2:3 var3:3 var4:3 var5:3 var6:3 var7:3 var8:4 var9:3 var10:3 var11:4 var12:4
Execute: move-to-unpressurized-room curator hall-a maintenance-tunnel / SC / d=97

If holds: var34:3 var36:0 var31:7 var13:10 var0:3 var1:3 var2:3 var3:3 var4:3 var5:3 var6:3 var8:4 var9:3 var10:3 var11:4 var12:4
Execute: release-artifact-from-pod curator mart-pink-hat hall-a pod2 / SC / d=98

If holds: var34:3 var35:0 var31:7 var13:10 var0:3 var1:3 var2:3 var3:3 var4:3 var5:3 var6:3 var8:4 var9:3 var10:3 var11:4 var12:4
Execute: activate-seal curator / SC / d=99

If holds: var34:5 var31:7 var13:10 var0:3 var1:3 var2:3 var3:3 var4:3 var5:3 var6:3 var8:4 var9:3 var10:3 var11:4 var12:4
Execute: move-to-pressurized-room curator maintenance-tunnel hall-a / SC / d=100

If holds: var34:4 var36:0 var31:7 var13:10 var0:3 var1:3 var2:3 var3:3 var4:3 var5:3 var6:3 var8:4 var9:3 var10:3 var11:4 var12:4
Execute: move-to-unpressurized-room curator hall-b maintenance-tunnel / SC / d=101

If holds: var34:4 var36:0 var31:13 var13:8 var0:3 var1:3 var2:3 var3:3 var4:3 var5:3 var6:3 var7:4 var8:4 var9:3 var10:3 var11:4 var12:4
Execute: put-in-pod mart-pink-hat hall-b curator pod2 / SC / d=102

If holds: var34:4 var35:0 var31:13 var13:8 var0:3 var1:3 var2:3 var3:3 var4:3 var5:3 var6:3 var7:4 var8:4 var9:3 var10:3 var11:4 var12:4
Execute: activate-seal curator / SC / d=103

If holds: var34:5 var31:13 var13:8 var0:3 var1:3 var2:3 var3:3 var4:3 var5:3 var6:3 var7:4 var8:4 var9:3 var10:3 var11:4 var12:4
Execute: try-to-enter-seismic-room curator hall-b maintenance-tunnel / SC / d=104

If holds: var34:3 var36:0 var31:13 var13:8 var0:3 var1:3 var2:3 var3:3 var4:3 var5:3 var6:3 var7:4 var8:4 var9:3 var10:3 var11:4 var12:4
Execute: move-to-unpressurized-room curator hall-a maintenance-tunnel / SC / d=105

If holds: var34:3 var36:0 var31:3 var13:10 var0:3 var1:3 var2:3 var4:3 var5:3 var6:3 var7:4 var8:4 var9:3 var10:3 var11:4 var12:4
Execute: release-artifact-from-pod curator mart-laser-gun hall-a pod2 / SC / d=106

If holds: var34:3 var35:0 var31:3 var13:10 var0:3 var1:3 var2:3 var4:3 var5:3 var6:3 var7:4 var8:4 var9:3 var10:3 var11:4 var12:4
Execute: activate-seal curator / SC / d=107

If holds: var34:5 var31:3 var13:10 var0:3 var1:3 var2:3 var4:3 var5:3 var6:3 var7:4 var8:4 var9:3 var10:3 var11:4 var12:4
Execute: move-to-pressurized-room curator maintenance-tunnel hall-a / SC / d=108

If holds: var34:4 var36:0 var31:3 var13:10 var0:3 var1:3 var2:3 var4:3 var5:3 var6:3 var7:4 var8:4 var9:3 var10:3 var11:4 var12:4
Execute: move-to-unpressurized-room curator hall-b maintenance-tunnel / SC / d=109

If holds: var34:4 var36:0 var31:13 var13:8 var0:3 var1:3 var2:3 var3:4 var4:3 var5:3 var6:3 var7:4 var8:4 var9:3 var10:3 var11:4 var12:4
Execute: put-in-pod mart-laser-gun hall-b curator pod2 / SC / d=110

If holds: var34:4 var35:0 var31:13 var13:8 var0:3 var1:3 var2:3 var3:4 var4:3 var5:3 var6:3 var7:4 var8:4 var9:3 var10:3 var11:4 var12:4
Execute: activate-seal curator / SC / d=111

If holds: var34:5 var31:13 var13:8 var0:3 var1:3 var2:3 var3:4 var4:3 var5:3 var6:3 var7:4 var8:4 var9:3 var10:3 var11:4 var12:4
Execute: try-to-enter-seismic-room curator hall-b maintenance-tunnel / SC / d=112

If holds: var34:3 var36:0 var31:13 var13:8 var0:3 var1:3 var2:3 var3:4 var4:3 var5:3 var6:3 var7:4 var8:4 var9:3 var10:3 var11:4 var12:4
Execute: move-to-unpressurized-room curator hall-a maintenance-tunnel / SC / d=113

If holds: var34:3 var36:0 var31:0 var13:10 var1:3 var2:3 var3:4 var4:3 var5:3 var6:3 var7:4 var8:4 var9:3 var10:3 var11:4 var12:4
Execute: release-artifact-from-pod curator asteroid-ad29tv-rock-sample hall-a pod2 / SC / d=114

If holds: var34:3 var35:0 var31:0 var13:10 var1:3 var2:3 var3:4 var4:3 var5:3 var6:3 var7:4 var8:4 var9:3 var10:3 var11:4 var12:4
Execute: activate-seal curator / SC / d=115

If holds: var34:5 var31:0 var13:10 var1:3 var2:3 var3:4 var4:3 var5:3 var6:3 var7:4 var8:4 var9:3 var10:3 var11:4 var12:4
Execute: move-to-pressurized-room curator maintenance-tunnel hall-a / SC / d=116

If holds: var34:4 var36:0 var31:0 var13:10 var1:3 var2:3 var3:4 var4:3 var5:3 var6:3 var7:4 var8:4 var9:3 var10:3 var11:4 var12:4
Execute: move-to-unpressurized-room curator hall-b maintenance-tunnel / SC / d=117

If holds: var34:4 var36:0 var31:13 var13:8 var0:4 var1:3 var2:3 var3:4 var4:3 var5:3 var6:3 var7:4 var8:4 var9:3 var10:3 var11:4 var12:4
Execute: put-in-pod asteroid-ad29tv-rock-sample hall-b curator pod2 / SC / d=118

If holds: var34:4 var35:0 var31:13 var13:8 var0:4 var1:3 var2:3 var3:4 var4:3 var5:3 var6:3 var7:4 var8:4 var9:3 var10:3 var11:4 var12:4
Execute: activate-seal curator / SC / d=119

If holds: var34:5 var31:13 var13:8 var0:4 var1:3 var2:3 var3:4 var4:3 var5:3 var6:3 var7:4 var8:4 var9:3 var10:3 var11:4 var12:4
Execute: try-to-enter-seismic-room curator hall-b maintenance-tunnel / SC / d=120

If holds: var34:0 var36:0 var31:13 var13:8 var0:4 var1:3 var2:3 var3:4 var4:3 var5:3 var6:3 var7:4 var8:4 var9:3 var10:3 var11:4 var12:4
Execute: move-to-unpressurized-room curator anti-vibration-pods-room maintenance-tunnel / SC / d=121

If holds: var34:0 var36:0 var29:0 var31:13 var13:11 var0:4 var1:3 var2:3 var3:4 var4:3 var5:3 var6:3 var7:4 var8:4 var9:3 var10:3 var11:4 var12:4
Execute: pick-up-empty-pod curator anti-vibration-pods-room pod2 / SC / d=122

If holds: var34:0 var35:0 var29:0 var31:13 var13:11 var0:4 var1:3 var2:3 var3:4 var4:3 var5:3 var6:3 var7:4 var8:4 var9:3 var10:3 var11:4 var12:4
Execute: activate-seal curator / SC / d=123

If holds: var34:5 var29:0 var31:13 var13:11 var0:4 var1:3 var2:3 var3:4 var4:3 var5:3 var6:3 var7:4 var8:4 var9:3 var10:3 var11:4 var12:4
Execute: move-to-pressurized-room curator maintenance-tunnel anti-vibration-pods-room / SC / d=124

If holds: var34:2 var36:0 var29:0 var31:13 var13:11 var0:4 var1:3 var2:3 var3:4 var4:3 var5:3 var6:3 var7:4 var8:4 var9:3 var10:3 var11:4 var12:4
Execute: move-to-unpressurized-room curator entrance maintenance-tunnel / SC / d=125

If holds: var34:2 var35:0 var29:0 var31:13 var13:11 var0:4 var1:3 var2:3 var3:4 var4:3 var5:3 var6:3 var7:4 var8:4 var9:3 var10:3 var11:4 var12:4
Execute: activate-seal curator / SC / d=126
