[0.240s] DEBUG:colcon:Command line arguments: ['/usr/bin/colcon', 'build', '--symlink-install']
[0.246s] DEBUG:colcon:Parsed command line arguments: Namespace(log_base=None, log_level=None, verb_name='build', build_base='build', install_base='install', merge_install=False, symlink_install=True, test_result_base=None, continue_on_error=False, executor='parallel', parallel_workers=8, event_handlers=None, ignore_user_meta=False, metas=['./colcon.meta'], base_paths=['.'], packages_ignore=None, packages_ignore_regex=None, paths=None, packages_up_to=None, packages_up_to_regex=None, packages_above=None, packages_above_and_dependencies=None, packages_above_depth=None, packages_select_by_dep=None, packages_skip_by_dep=None, packages_skip_up_to=None, packages_select_build_failed=False, packages_skip_build_finished=False, packages_select_test_failures=False, packages_skip_test_passed=False, packages_select=None, packages_skip=None, packages_select_regex=None, packages_skip_regex=None, packages_start=None, packages_end=None, cmake_args=None, cmake_target=None, cmake_target_skip_unavailable=False, cmake_clean_cache=False, cmake_clean_first=False, cmake_force_configure=False, ament_cmake_args=None, catkin_cmake_args=None, catkin_skip_building_tests=False, mixin_files=None, mixin=None, verb_parser=<colcon_mixin.mixin.mixin_argument.MixinArgumentDecorator object at 0x7ffffe3debc0>, verb_extension=<colcon_core.verb.build.BuildVerb object at 0x7ffffe2f3af0>, main=<bound method BuildVerb.main of <colcon_core.verb.build.BuildVerb object at 0x7ffffe2f3af0>>, mixin_verb=('build',))
[0.577s] Level 1:colcon.colcon_core.package_discovery:discover_packages(colcon_meta) check parameters
[0.585s] INFO:colcon.colcon_metadata.package_discovery.colcon_meta:Using configuration from '/root/.colcon/metadata/default/Gazebo.meta'
[0.587s] INFO:colcon.colcon_metadata.package_discovery.colcon_meta:Using configuration from '/root/.colcon/metadata/default/fastdds.meta'
[0.592s] INFO:colcon.colcon_metadata.package_discovery.colcon_meta:Using configuration from '/root/.colcon/metadata/default/fastrtps.meta'
[0.593s] Level 1:colcon.colcon_core.package_discovery:discover_packages(recursive) check parameters
[0.593s] Level 1:colcon.colcon_core.package_discovery:discover_packages(ignore) check parameters
[0.593s] Level 1:colcon.colcon_core.package_discovery:discover_packages(path) check parameters
[0.593s] Level 1:colcon.colcon_core.package_discovery:discover_packages(colcon_meta) discover
[0.594s] Level 1:colcon.colcon_core.package_discovery:discover_packages(recursive) discover
[0.594s] INFO:colcon.colcon_core.package_discovery:Crawling recursively for packages in '/plansys2_ws'
[0.595s] Level 1:colcon.colcon_core.package_identification:_identify(.) by extensions ['ignore', 'ignore_ament_install']
[0.598s] Level 1:colcon.colcon_core.package_identification:_identify(.) by extension 'ignore'
[0.598s] Level 1:colcon.colcon_core.package_identification:_identify(.) by extension 'ignore_ament_install'
[0.599s] Level 1:colcon.colcon_core.package_identification:_identify(.) by extensions ['colcon_pkg']
[0.599s] Level 1:colcon.colcon_core.package_identification:_identify(.) by extension 'colcon_pkg'
[0.599s] Level 1:colcon.colcon_core.package_identification:_identify(.) by extensions ['colcon_meta']
[0.600s] Level 1:colcon.colcon_core.package_identification:_identify(.) by extension 'colcon_meta'
[0.600s] Level 1:colcon.colcon_core.package_identification:_identify(.) by extensions ['ros']
[0.600s] Level 1:colcon.colcon_core.package_identification:_identify(.) by extension 'ros'
[0.627s] Level 1:colcon.colcon_core.package_identification:_identify(.) by extensions ['cmake', 'python']
[0.627s] Level 1:colcon.colcon_core.package_identification:_identify(.) by extension 'cmake'
[0.628s] Level 1:colcon.colcon_core.package_identification:_identify(.) by extension 'python'
[0.628s] Level 1:colcon.colcon_core.package_identification:_identify(.) by extensions ['python_setup_py']
[0.628s] Level 1:colcon.colcon_core.package_identification:_identify(.) by extension 'python_setup_py'
[0.631s] Level 1:colcon.colcon_core.package_identification:_identify(build) by extensions ['ignore', 'ignore_ament_install']
[0.632s] Level 1:colcon.colcon_core.package_identification:_identify(build) by extension 'ignore'
[0.632s] Level 1:colcon.colcon_core.package_identification:_identify(build) ignored
[0.632s] Level 1:colcon.colcon_core.package_identification:_identify(install) by extensions ['ignore', 'ignore_ament_install']
[0.632s] Level 1:colcon.colcon_core.package_identification:_identify(install) by extension 'ignore'
[0.632s] Level 1:colcon.colcon_core.package_identification:_identify(install) ignored
[0.633s] Level 1:colcon.colcon_core.package_identification:_identify(log) by extensions ['ignore', 'ignore_ament_install']
[0.633s] Level 1:colcon.colcon_core.package_identification:_identify(log) by extension 'ignore'
[0.633s] Level 1:colcon.colcon_core.package_identification:_identify(log) ignored
[0.634s] Level 1:colcon.colcon_core.package_identification:_identify(museum) by extensions ['ignore', 'ignore_ament_install']
[0.634s] Level 1:colcon.colcon_core.package_identification:_identify(museum) by extension 'ignore'
[0.635s] Level 1:colcon.colcon_core.package_identification:_identify(museum) by extension 'ignore_ament_install'
[0.635s] Level 1:colcon.colcon_core.package_identification:_identify(museum) by extensions ['colcon_pkg']
[0.635s] Level 1:colcon.colcon_core.package_identification:_identify(museum) by extension 'colcon_pkg'
[0.635s] Level 1:colcon.colcon_core.package_identification:_identify(museum) by extensions ['colcon_meta']
[0.635s] Level 1:colcon.colcon_core.package_identification:_identify(museum) by extension 'colcon_meta'
[0.635s] Level 1:colcon.colcon_core.package_identification:_identify(museum) by extensions ['ros']
[0.635s] Level 1:colcon.colcon_core.package_identification:_identify(museum) by extension 'ros'
[0.659s] DEBUG:colcon.colcon_core.package_identification:Package 'museum' with type 'ros.ament_cmake' and name 'museum'
[0.666s] Level 1:colcon.colcon_core.package_identification:_identify(plansys2_simple_example) by extensions ['ignore', 'ignore_ament_install']
[0.671s] Level 1:colcon.colcon_core.package_identification:_identify(plansys2_simple_example) by extension 'ignore'
[0.690s] Level 1:colcon.colcon_core.package_identification:_identify(plansys2_simple_example) by extension 'ignore_ament_install'
[0.697s] Level 1:colcon.colcon_core.package_identification:_identify(plansys2_simple_example) by extensions ['colcon_pkg']
[0.697s] Level 1:colcon.colcon_core.package_identification:_identify(plansys2_simple_example) by extension 'colcon_pkg'
[0.708s] Level 1:colcon.colcon_core.package_identification:_identify(plansys2_simple_example) by extensions ['colcon_meta']
[0.711s] Level 1:colcon.colcon_core.package_identification:_identify(plansys2_simple_example) by extension 'colcon_meta'
[0.715s] Level 1:colcon.colcon_core.package_identification:_identify(plansys2_simple_example) by extensions ['ros']
[0.718s] Level 1:colcon.colcon_core.package_identification:_identify(plansys2_simple_example) by extension 'ros'
[0.729s] DEBUG:colcon.colcon_core.package_identification:Package 'plansys2_simple_example' with type 'ros.ament_cmake' and name 'plansys2_simple_example'
[0.730s] Level 1:colcon.colcon_core.package_discovery:discover_packages(recursive) using defaults
[0.733s] Level 1:colcon.colcon_core.package_discovery:discover_packages(ignore) discover
[0.735s] Level 1:colcon.colcon_core.package_discovery:discover_packages(ignore) using defaults
[0.735s] Level 1:colcon.colcon_core.package_discovery:discover_packages(path) discover
[0.735s] Level 1:colcon.colcon_core.package_discovery:discover_packages(path) using defaults
[0.792s] Level 5:colcon.colcon_core.verb:set package 'museum' build argument 'cmake_args' from command line to 'None'
[0.793s] Level 5:colcon.colcon_core.verb:set package 'museum' build argument 'cmake_target' from command line to 'None'
[0.793s] Level 5:colcon.colcon_core.verb:set package 'museum' build argument 'cmake_target_skip_unavailable' from command line to 'False'
[0.793s] Level 5:colcon.colcon_core.verb:set package 'museum' build argument 'cmake_clean_cache' from command line to 'False'
[0.793s] Level 5:colcon.colcon_core.verb:set package 'museum' build argument 'cmake_clean_first' from command line to 'False'
[0.797s] Level 5:colcon.colcon_core.verb:set package 'museum' build argument 'cmake_force_configure' from command line to 'False'
[0.797s] Level 5:colcon.colcon_core.verb:set package 'museum' build argument 'ament_cmake_args' from command line to 'None'
[0.797s] Level 5:colcon.colcon_core.verb:set package 'museum' build argument 'catkin_cmake_args' from command line to 'None'
[0.801s] Level 5:colcon.colcon_core.verb:set package 'museum' build argument 'catkin_skip_building_tests' from command line to 'False'
[0.801s] DEBUG:colcon.colcon_core.verb:Building package 'museum' with the following arguments: {'ament_cmake_args': None, 'build_base': '/plansys2_ws/build/museum', 'catkin_cmake_args': None, 'catkin_skip_building_tests': False, 'cmake_args': None, 'cmake_clean_cache': False, 'cmake_clean_first': False, 'cmake_force_configure': False, 'cmake_target': None, 'cmake_target_skip_unavailable': False, 'install_base': '/plansys2_ws/install/museum', 'merge_install': False, 'path': '/plansys2_ws/museum', 'symlink_install': True, 'test_result_base': None}
[0.802s] Level 5:colcon.colcon_core.verb:set package 'plansys2_simple_example' build argument 'cmake_args' from command line to 'None'
[0.802s] Level 5:colcon.colcon_core.verb:set package 'plansys2_simple_example' build argument 'cmake_target' from command line to 'None'
[0.803s] Level 5:colcon.colcon_core.verb:set package 'plansys2_simple_example' build argument 'cmake_target_skip_unavailable' from command line to 'False'
[0.803s] Level 5:colcon.colcon_core.verb:set package 'plansys2_simple_example' build argument 'cmake_clean_cache' from command line to 'False'
[0.803s] Level 5:colcon.colcon_core.verb:set package 'plansys2_simple_example' build argument 'cmake_clean_first' from command line to 'False'
[0.803s] Level 5:colcon.colcon_core.verb:set package 'plansys2_simple_example' build argument 'cmake_force_configure' from command line to 'False'
[0.803s] Level 5:colcon.colcon_core.verb:set package 'plansys2_simple_example' build argument 'ament_cmake_args' from command line to 'None'
[0.803s] Level 5:colcon.colcon_core.verb:set package 'plansys2_simple_example' build argument 'catkin_cmake_args' from command line to 'None'
[0.803s] Level 5:colcon.colcon_core.verb:set package 'plansys2_simple_example' build argument 'catkin_skip_building_tests' from command line to 'False'
[0.803s] DEBUG:colcon.colcon_core.verb:Building package 'plansys2_simple_example' with the following arguments: {'ament_cmake_args': None, 'build_base': '/plansys2_ws/build/plansys2_simple_example', 'catkin_cmake_args': None, 'catkin_skip_building_tests': False, 'cmake_args': None, 'cmake_clean_cache': False, 'cmake_clean_first': False, 'cmake_force_configure': False, 'cmake_target': None, 'cmake_target_skip_unavailable': False, 'install_base': '/plansys2_ws/install/plansys2_simple_example', 'merge_install': False, 'path': '/plansys2_ws/plansys2_simple_example', 'symlink_install': True, 'test_result_base': None}
[0.809s] INFO:colcon.colcon_core.executor:Executing jobs using 'parallel' executor
[0.822s] DEBUG:colcon.colcon_parallel_executor.executor.parallel:run_until_complete
[0.823s] INFO:colcon.colcon_ros.task.ament_cmake.build:Building ROS package in '/plansys2_ws/museum' with build type 'ament_cmake'
[0.826s] INFO:colcon.colcon_cmake.task.cmake.build:Building CMake package in '/plansys2_ws/museum'
[0.835s] INFO:colcon.colcon_core.plugin_system:Skipping extension 'colcon_core.shell.bat': Not used on non-Windows systems
[0.840s] INFO:colcon.colcon_core.shell:Skip shell extension 'powershell' for command environment: Not usable outside of PowerShell
[0.841s] DEBUG:colcon.colcon_core.shell:Skip shell extension 'dsv' for command environment
[0.863s] INFO:colcon.colcon_ros.task.ament_cmake.build:Building ROS package in '/plansys2_ws/plansys2_simple_example' with build type 'ament_cmake'
[0.867s] INFO:colcon.colcon_cmake.task.cmake.build:Building CMake package in '/plansys2_ws/plansys2_simple_example'
[0.872s] INFO:colcon.colcon_core.shell:Skip shell extension 'powershell' for command environment: Not usable outside of PowerShell
[0.872s] DEBUG:colcon.colcon_core.shell:Skip shell extension 'dsv' for command environment
[1.023s] DEBUG:colcon.colcon_core.event_handler.log_command:Invoking command in '/plansys2_ws/build/museum': /usr/bin/cmake /plansys2_ws/museum -DAMENT_CMAKE_SYMLINK_INSTALL=1 -DCMAKE_INSTALL_PREFIX=/plansys2_ws/install/museum
[1.084s] DEBUG:colcon.colcon_core.event_handler.log_command:Invoking command in '/plansys2_ws/build/plansys2_simple_example': /usr/bin/cmake /plansys2_ws/plansys2_simple_example -DAMENT_CMAKE_SYMLINK_INSTALL=1 -DCMAKE_INSTALL_PREFIX=/plansys2_ws/install/plansys2_simple_example
[8.084s] DEBUG:colcon.colcon_core.event_handler.log_command:Invoked command in '/plansys2_ws/build/museum' returned '1': /usr/bin/cmake /plansys2_ws/museum -DAMENT_CMAKE_SYMLINK_INSTALL=1 -DCMAKE_INSTALL_PREFIX=/plansys2_ws/install/museum
[8.101s] DEBUG:colcon.colcon_core.event_handler.log_command:Invoked command in '/plansys2_ws/build/plansys2_simple_example' returned '1': /usr/bin/cmake /plansys2_ws/plansys2_simple_example -DAMENT_CMAKE_SYMLINK_INSTALL=1 -DCMAKE_INSTALL_PREFIX=/plansys2_ws/install/plansys2_simple_example
[8.356s] Level 1:colcon.colcon_core.environment:create_environment_scripts_only(museum)
[8.373s] Level 1:colcon.colcon_core.environment:checking '/plansys2_ws/install/museum' for CMake module files
[8.388s] Level 1:colcon.colcon_core.environment:checking '/plansys2_ws/install/museum' for CMake config files
[8.391s] Level 1:colcon.colcon_core.environment:checking '/plansys2_ws/install/museum/bin'
[8.392s] Level 1:colcon.colcon_core.environment:checking '/plansys2_ws/install/museum/lib/pkgconfig/museum.pc'
[8.395s] Level 1:colcon.colcon_core.environment:checking '/plansys2_ws/install/museum/lib/python3.10/site-packages'
[8.399s] Level 1:colcon.colcon_core.environment:checking '/plansys2_ws/install/museum/bin'
[8.401s] INFO:colcon.colcon_core.shell:Creating package script '/plansys2_ws/install/museum/share/museum/package.ps1'
[8.411s] INFO:colcon.colcon_core.shell:Creating package descriptor '/plansys2_ws/install/museum/share/museum/package.dsv'
[8.450s] INFO:colcon.colcon_core.shell:Creating package script '/plansys2_ws/install/museum/share/museum/package.sh'
[8.466s] INFO:colcon.colcon_core.shell:Creating package script '/plansys2_ws/install/museum/share/museum/package.bash'
[8.479s] INFO:colcon.colcon_core.shell:Creating package script '/plansys2_ws/install/museum/share/museum/package.zsh'
[8.516s] Level 1:colcon.colcon_core.environment:create_file_with_runtime_dependencies(/plansys2_ws/install/museum/share/colcon-core/packages/museum)
[8.592s] DEBUG:colcon.colcon_parallel_executor.executor.parallel:closing loop
[8.596s] DEBUG:colcon.colcon_parallel_executor.executor.parallel:loop closed
[8.603s] DEBUG:colcon.colcon_parallel_executor.executor.parallel:run_until_complete finished with '1'
[8.605s] DEBUG:colcon.colcon_core.event_reactor:joining thread
[8.669s] INFO:colcon.colcon_core.plugin_system:Skipping extension 'colcon_notification.desktop_notification.notify_send': Could not find 'notify-send'
[8.670s] INFO:colcon.colcon_core.plugin_system:Skipping extension 'colcon_notification.desktop_notification.terminal_notifier': Not used on non-Darwin systems
[8.672s] INFO:colcon.colcon_core.plugin_system:Skipping extension 'colcon_notification.desktop_notification.win32': Not used on non-Windows systems
[8.673s] INFO:colcon.colcon_notification.desktop_notification:Sending desktop notification using 'notify2'
[8.695s] DEBUG:colcon.colcon_notification.desktop_notification.notify2:Failed to initialize notify2: org.freedesktop.DBus.Error.Spawn.ExecFailed: /usr/bin/dbus-launch terminated abnormally without any error message
[8.697s] DEBUG:colcon.colcon_core.event_reactor:joined thread
[8.698s] INFO:colcon.colcon_core.shell:Creating prefix script '/plansys2_ws/install/local_setup.ps1'
[8.706s] INFO:colcon.colcon_core.shell:Creating prefix util module '/plansys2_ws/install/_local_setup_util_ps1.py'
[8.716s] INFO:colcon.colcon_core.shell:Creating prefix chain script '/plansys2_ws/install/setup.ps1'
[8.717s] INFO:colcon.colcon_core.shell:Creating prefix script '/plansys2_ws/install/local_setup.sh'
[8.724s] INFO:colcon.colcon_core.shell:Creating prefix util module '/plansys2_ws/install/_local_setup_util_sh.py'
[8.732s] INFO:colcon.colcon_core.shell:Creating prefix chain script '/plansys2_ws/install/setup.sh'
[8.743s] INFO:colcon.colcon_core.shell:Creating prefix script '/plansys2_ws/install/local_setup.bash'
[8.780s] INFO:colcon.colcon_core.shell:Creating prefix chain script '/plansys2_ws/install/setup.bash'
[8.783s] INFO:colcon.colcon_core.shell:Creating prefix script '/plansys2_ws/install/local_setup.zsh'
[8.784s] INFO:colcon.colcon_core.shell:Creating prefix chain script '/plansys2_ws/install/setup.zsh'
